started at date
srun: Job step aborted: Waiting up to 42 seconds for job step to finish.
slurmstepd: error: *** JOB 2038095 ON c22u13n1 CANCELLED AT 2024-06-16T15:11:11 DUE TO TIME LIMIT ***
forrtl: error (78): process killed (SIGTERM)
Image              PC                Routine            Line        Source             
libpthread-2.28.s  000015443FDDBCE0  Unknown               Unknown  Unknown
libmkl_def.so.2    0000154230F5BAAA  Unknown               Unknown  Unknown
forrtl: error (78): process killed (SIGTERM)
Image              PC                Routine            Line        Source             
libpthread-2.28.s  000014B3FE049CE0  Unknown               Unknown  Unknown
libmkl_def.so.2    000014B1EF17FC26  Unknown               Unknown  Unknown
forrtl: error (78): process killed (SIGTERM)
Image              PC                Routine            Line        Source             
libpthread-2.28.s  00001527CE1B7CE0  Unknown               Unknown  Unknown
libmkl_def.so.2    00001525BF2EDACC  Unknown               Unknown  Unknown
forrtl: error (78): process killed (SIGTERM)
Image              PC                Routine            Line        Source             
libpthread-2.28.s  000015032B865CE0  Unknown               Unknown  Unknown
libmkl_def.so.2    000015011C99BD27  Unknown               Unknown  Unknown
forrtl: error (78): process killed (SIGTERM)
Image              PC                Routine            Line        Source             
libpthread-2.28.s  0000152DEE970CE0  Unknown               Unknown  Unknown
libmkl_def.so.2    0000152BDFAA6C3D  Unknown               Unknown  Unknown
forrtl: error (78): process killed (SIGTERM)
Image              PC                Routine            Line        Source             
libpthread-2.28.s  0000153E9861DCE0  Unknown               Unknown  Unknown
libmkl_def.so.2    0000153C8979DA80  Unknown               Unknown  Unknown
forrtl: error (78): process killed (SIGTERM)
Image              PC                Routine            Line        Source             
libpthread-2.28.s  0000145C471CBCE0  Unknown               Unknown  Unknown
libmkl_def.so.2    0000145A3834BBB9  Unknown               Unknown  Unknown
forrtl: error (78): process killed (SIGTERM)
Image              PC                Routine            Line        Source             
libpthread-2.28.s  000014F442F5ACE0  Unknown               Unknown  Unknown
libmkl_def.so.2    000014F234090C03  Unknown               Unknown  Unknown
forrtl: error (78): process killed (SIGTERM)
Image              PC                Routine            Line        Source             
libpthread-2.28.s  0000150AE049DCE0  Unknown               Unknown  Unknown
libmkl_def.so.2    00001508D15D3CF9  Unknown               Unknown  Unknown
forrtl: error (78): process killed (SIGTERM)
Image              PC                Routine            Line        Source             
libpthread-2.28.s  0000149F5FF7BCE0  Unknown               Unknown  Unknown
libmkl_def.so.2    0000149D510B1BF0  Unknown               Unknown  Unknown
forrtl: error (78): process killed (SIGTERM)
Image              PC                Routine            Line        Source             
libpthread-2.28.s  000014959D16ACE0  Unknown               Unknown  Unknown
pw.x               0000000000F99081  mp_mp_mp_sum_cm_         1757  mp.f90
pw.x               0000000000A27EBD  becmod_mp_calbec_         253  becmod.f90
pw.x               0000000000A235E4  becmod_mp_calbec_         118  becmod.f90
pw.x               00000000007E633C  s_1psi_                    77  s_1psi.f90
pw.x               00000000008A1885  ccgdiagg_                 124  ccgdiagg.f90
pw.x               000000000069FC43  diag_bands_IP_dia         781  c_bands.f90
pw.x               000000000069EE5D  diag_bands_               323  c_bands.f90
pw.x               000000000069D499  c_bands_                  132  c_bands.f90
pw.x               000000000040E46E  electrons_scf_            678  electrons.f90
pw.x               000000000040B6AD  electrons_                189  electrons.f90
pw.x               000000000058EED2  run_pwscf_                187  run_pwscf.f90
pw.x               00000000004088F3  MAIN__                     85  pwscf.f90
pw.x               000000000040875D  Unknown               Unknown  Unknown
libc-2.28.so       000014959C605CF3  __libc_start_main     Unknown  Unknown
pw.x               000000000040867E  Unknown               Unknown  Unknown
forrtl: error (78): process killed (SIGTERM)
Image              PC                Routine            Line        Source             
libpthread-2.28.s  000014EE0556DCE0  Unknown               Unknown  Unknown
libmkl_def.so.2    000014EBF66EDB5D  Unknown               Unknown  Unknown
forrtl: error (78): process killed (SIGTERM)
Image              PC                Routine            Line        Source             
libpthread-2.28.s  000014A162BA0CE0  Unknown               Unknown  Unknown
libmkl_def.so.2    0000149F53D0162E  Unknown               Unknown  Unknown
forrtl: error (78): process killed (SIGTERM)
Image              PC                Routine            Line        Source             
libpthread-2.28.s  000014DEB2AFCCE0  Unknown               Unknown  Unknown
libmkl_def.so.2    000014DCA3C7CC9F  Unknown               Unknown  Unknown
forrtl: error (78): process killed (SIGTERM)
Image              PC                Routine            Line        Source             
libpthread-2.28.s  000014815038ACE0  Unknown               Unknown  Unknown
libmkl_def.so.2    0000147F4150AAA2  Unknown               Unknown  Unknown
forrtl: error (78): process killed (SIGTERM)
Image              PC                Routine            Line        Source             
libpthread-2.28.s  000014BB48E78CE0  Unknown               Unknown  Unknown
libmkl_def.so.2    000014B939FF8BF0  Unknown               Unknown  Unknown
forrtl: error (78): process killed (SIGTERM)
Image              PC                Routine            Line        Source             
libpthread-2.28.s  000014A0278B1CE0  Unknown               Unknown  Unknown
libmkl_def.so.2    0000149E18A31BEC  Unknown               Unknown  Unknown
forrtl: error (78): process killed (SIGTERM)
Image              PC                Routine            Line        Source             
libpthread-2.28.s  000014F47B448CE0  Unknown               Unknown  Unknown
libmkl_def.so.2    000014F26C5C8AD1  Unknown               Unknown  Unknown
forrtl: error (78): process killed (SIGTERM)
Image              PC                Routine            Line        Source             
libpthread-2.28.s  0000151B9341ECE0  Unknown               Unknown  Unknown
libmkl_def.so.2    000015198459EB55  Unknown               Unknown  Unknown
forrtl: error (78): process killed (SIGTERM)
Image              PC                Routine            Line        Source             
libpthread-2.28.s  0000149FCB378CE0  Unknown               Unknown  Unknown
libmkl_def.so.2    0000149DBC4F8AFD  Unknown               Unknown  Unknown
forrtl: error (78): process killed (SIGTERM)
Image              PC                Routine            Line        Source             
libpthread-2.28.s  000014B719E78CE0  Unknown               Unknown  Unknown
libmkl_def.so.2    000014B50AFF8AAA  Unknown               Unknown  Unknown
forrtl: error (78): process killed (SIGTERM)
Image              PC                Routine            Line        Source             
libpthread-2.28.s  000014AEBC4BECE0  Unknown               Unknown  Unknown
libmkl_def.so.2    000014ACAD63EC9F  Unknown               Unknown  Unknown
forrtl: error (78): process killed (SIGTERM)
Image              PC                Routine            Line        Source             
libpthread-2.28.s  0000150426006CE0  Unknown               Unknown  Unknown
libmkl_def.so.2    00001502171884A9  Unknown               Unknown  Unknown
forrtl: error (78): process killed (SIGTERM)
Image              PC                Routine            Line        Source             
libpthread-2.28.s  000014DEAADC5CE0  Unknown               Unknown  Unknown
libmkl_def.so.2    000014DC9BF45C88  Unknown               Unknown  Unknown
forrtl: error (78): process killed (SIGTERM)
Image              PC                Routine            Line        Source             
libpthread-2.28.s  0000152DB7014CE0  Unknown               Unknown  Unknown
libmkl_def.so.2    0000152BA8194CCB  Unknown               Unknown  Unknown
forrtl: error (78): process killed (SIGTERM)
Image              PC                Routine            Line        Source             
libpthread-2.28.s  00001475F881ACE0  Unknown               Unknown  Unknown
libmkl_def.so.2    00001473E999AAD6  Unknown               Unknown  Unknown
forrtl: error (78): process killed (SIGTERM)
Image              PC                Routine            Line        Source             
libpthread-2.28.s  00001514631F4CE0  Unknown               Unknown  Unknown
libmkl_def.so.2    0000151254374AF8  Unknown               Unknown  Unknown
forrtl: error (78): process killed (SIGTERM)
Image              PC                Routine            Line        Source             
libpthread-2.28.s  0000150F16EA5CE0  Unknown               Unknown  Unknown
libmkl_def.so.2    0000150D08025D0B  Unknown               Unknown  Unknown
forrtl: error (78): process killed (SIGTERM)
Image              PC                Routine            Line        Source             
libpthread-2.28.s  000014C5F2334CE0  Unknown               Unknown  Unknown
libmkl_def.so.2    000014C3E34B4A5D  Unknown               Unknown  Unknown
forrtl: error (78): process killed (SIGTERM)
Image              PC                Routine            Line        Source             
libpthread-2.28.s  0000151CDC872CE0  Unknown               Unknown  Unknown
libmkl_def.so.2    0000151ACD9F2BDA  Unknown               Unknown  Unknown
forrtl: error (78): process killed (SIGTERM)
Image              PC                Routine            Line        Source             
libpthread-2.28.s  000014DB32815CE0  Unknown               Unknown  Unknown
libmkl_def.so.2    000014D923995BD1  Unknown               Unknown  Unknown
forrtl: error (78): process killed (SIGTERM)
Image              PC                Routine            Line        Source             
libpthread-2.28.s  000014E7F39ABCE0  Unknown               Unknown  Unknown
libmkl_def.so.2    000014E5E4B2BCC3  Unknown               Unknown  Unknown
forrtl: error (78): process killed (SIGTERM)
Image              PC                Routine            Line        Source             
libpthread-2.28.s  000014D6B0DCCCE0  Unknown               Unknown  Unknown
libmkl_def.so.2    000014D4A1F4E6C2  Unknown               Unknown  Unknown
forrtl: error (78): process killed (SIGTERM)
Image              PC                Routine            Line        Source             
libpthread-2.28.s  0000150726E54CE0  Unknown               Unknown  Unknown
libmkl_def.so.2    0000150517FD4D0B  Unknown               Unknown  Unknown
forrtl: error (78): process killed (SIGTERM)
Image              PC                Routine            Line        Source             
libpthread-2.28.s  0000154A1BC21CE0  Unknown               Unknown  Unknown
libmkl_def.so.2    000015480CDA1CB5  Unknown               Unknown  Unknown
forrtl: error (78): process killed (SIGTERM)
Image              PC                Routine            Line        Source             
libpthread-2.28.s  0000149EAE140CE0  Unknown               Unknown  Unknown
libmkl_def.so.2    0000149C9F2C0C42  Unknown               Unknown  Unknown
forrtl: error (78): process killed (SIGTERM)
Image              PC                Routine            Line        Source             
libpthread-2.28.s  000014F07672FCE0  Unknown               Unknown  Unknown
libmkl_def.so.2    000014EE678AFB39  Unknown               Unknown  Unknown
forrtl: error (78): process killed (SIGTERM)
Image              PC                Routine            Line        Source             
libpthread-2.28.s  00001539B42C9CE0  Unknown               Unknown  Unknown
libmkl_def.so.2    00001537A5449B23  Unknown               Unknown  Unknown
forrtl: error (78): process killed (SIGTERM)
Image              PC                Routine            Line        Source             
libpthread-2.28.s  000014B512949CE0  Unknown               Unknown  Unknown
libmkl_def.so.2    000014B303AC9BDA  Unknown               Unknown  Unknown
forrtl: error (78): process killed (SIGTERM)
Image              PC                Routine            Line        Source             
libpthread-2.28.s  000014F6C7A28CE0  Unknown               Unknown  Unknown
libmkl_def.so.2    000014F4B8BA8C10  Unknown               Unknown  Unknown
forrtl: error (78): process killed (SIGTERM)
Image              PC                Routine            Line        Source             
libpthread-2.28.s  00001541EBD8DCE0  Unknown               Unknown  Unknown
libmkl_def.so.2    0000153FDCF0DAA2  Unknown               Unknown  Unknown
forrtl: error (78): process killed (SIGTERM)
Image              PC                Routine            Line        Source             
libpthread-2.28.s  00001507E482FCE0  Unknown               Unknown  Unknown
libmkl_def.so.2    00001505D59AFB9D  Unknown               Unknown  Unknown
forrtl: error (78): process killed (SIGTERM)
Image              PC                Routine            Line        Source             
libpthread-2.28.s  0000150D66975CE0  Unknown               Unknown  Unknown
libmkl_def.so.2    0000150B57AF5A5D  Unknown               Unknown  Unknown
forrtl: error (78): process killed (SIGTERM)
Image              PC                Routine            Line        Source             
libpthread-2.28.s  0000154ED567ECE0  Unknown               Unknown  Unknown
libmkl_def.so.2    0000154CC67FEC7A  Unknown               Unknown  Unknown
forrtl: error (78): process killed (SIGTERM)
Image              PC                Routine            Line        Source             
libpthread-2.28.s  0000148C461B4CE0  Unknown               Unknown  Unknown
libmkl_def.so.2    0000148A37334BAF  Unknown               Unknown  Unknown
forrtl: error (78): process killed (SIGTERM)
Image              PC                Routine            Line        Source             
libpthread-2.28.s  000014A24C11ACE0  Unknown               Unknown  Unknown
libmkl_def.so.2    000014A03D250BAF  Unknown               Unknown  Unknown
forrtl: error (78): process killed (SIGTERM)
Image              PC                Routine            Line        Source             
libpthread-2.28.s  000014919A50FCE0  Unknown               Unknown  Unknown
libmkl_def.so.2    0000148F8B68FD37  Unknown               Unknown  Unknown
forrtl: error (78): process killed (SIGTERM)
Image              PC                Routine            Line        Source             
libpthread-2.28.s  000014757E596CE0  Unknown               Unknown  Unknown
libmkl_def.so.2    000014736F716C66  Unknown               Unknown  Unknown
forrtl: error (78): process killed (SIGTERM)
Image              PC                Routine            Line        Source             
libpthread-2.28.s  00001529EC286CE0  Unknown               Unknown  Unknown
libmkl_def.so.2    00001527DD3E5A58  Unknown               Unknown  Unknown
forrtl: error (78): process killed (SIGTERM)
Image              PC                Routine            Line        Source             
libpthread-2.28.s  000014E86125DCE0  Unknown               Unknown  Unknown
libmkl_def.so.2    000014E6523DDCA3  Unknown               Unknown  Unknown
forrtl: error (78): process killed (SIGTERM)
Image              PC                Routine            Line        Source             
libpthread-2.28.s  0000148F5CE65CE0  Unknown               Unknown  Unknown
libmkl_def.so.2    0000148D4DFE5D0B  Unknown               Unknown  Unknown
forrtl: error (78): process killed (SIGTERM)
Image              PC                Routine            Line        Source             
libpthread-2.28.s  0000149AD240ECE0  Unknown               Unknown  Unknown
libmkl_def.so.2    00001498C358ED27  Unknown               Unknown  Unknown
forrtl: error (78): process killed (SIGTERM)
Image              PC                Routine            Line        Source             
libpthread-2.28.s  000014EA31FD8CE0  Unknown               Unknown  Unknown
libmkl_def.so.2    000014E823158B31  Unknown               Unknown  Unknown
forrtl: error (78): process killed (SIGTERM)
Image              PC                Routine            Line        Source             
libpthread-2.28.s  000014671AD81CE0  Unknown               Unknown  Unknown
libmkl_def.so.2    000014650BF01BD6  Unknown               Unknown  Unknown
forrtl: error (78): process killed (SIGTERM)
Image              PC                Routine            Line        Source             
libpthread-2.28.s  000014AD8DDEDCE0  Unknown               Unknown  Unknown
libmkl_def.so.2    000014AB7EF6DB8B  Unknown               Unknown  Unknown
forrtl: error (78): process killed (SIGTERM)
Image              PC                Routine            Line        Source             
libpthread-2.28.s  0000146A9B314CE0  Unknown               Unknown  Unknown
libmkl_def.so.2    000014688C494B02  Unknown               Unknown  Unknown
forrtl: error (78): process killed (SIGTERM)
Image              PC                Routine            Line        Source             
libpthread-2.28.s  0000146501E08CE0  Unknown               Unknown  Unknown
libmkl_def.so.2    00001462F2F88BE8  Unknown               Unknown  Unknown
forrtl: error (78): process killed (SIGTERM)
Image              PC                Routine            Line        Source             
libpthread-2.28.s  000014BE55FCECE0  Unknown               Unknown  Unknown
libmkl_def.so.2    000014BC4714ECCB  Unknown               Unknown  Unknown
forrtl: error (78): process killed (SIGTERM)
Image              PC                Routine            Line        Source             
libpthread-2.28.s  000015202A779CE0  Unknown               Unknown  Unknown
libmkl_def.so.2    0000151E1B8F9AF8  Unknown               Unknown  Unknown
forrtl: error (78): process killed (SIGTERM)
Image              PC                Routine            Line        Source             
libpthread-2.28.s  000015518E8F3CE0  Unknown               Unknown  Unknown
libmkl_def.so.2    0000154F7FA29C42  Unknown               Unknown  Unknown
forrtl: error (78): process killed (SIGTERM)
Image              PC                Routine            Line        Source             
libpthread-2.28.s  000014AA4BDD4CE0  Unknown               Unknown  Unknown
libmkl_def.so.2    000014A83CF54D1D  Unknown               Unknown  Unknown
forrtl: error (78): process killed (SIGTERM)
Image              PC                Routine            Line        Source             
libpthread-2.28.s  000014E5C13B3CE0  Unknown               Unknown  Unknown
libmkl_def.so.2    000014E3B2533BEC  Unknown               Unknown  Unknown
forrtl: error (78): process killed (SIGTERM)
Image              PC                Routine            Line        Source             
libpthread-2.28.s  0000146B36B52CE0  Unknown               Unknown  Unknown
libmkl_def.so.2    0000146927CD2BDA  Unknown               Unknown  Unknown
forrtl: error (78): process killed (SIGTERM)
Image              PC                Routine            Line        Source             
libpthread-2.28.s  000015220BFA2CE0  Unknown               Unknown  Unknown
libmkl_def.so.2    0000151FFD122AD6  Unknown               Unknown  Unknown
forrtl: error (78): process killed (SIGTERM)
Image              PC                Routine            Line        Source             
libpthread-2.28.s  000014A48B820CE0  Unknown               Unknown  Unknown
libmkl_def.so.2    000014A27C9A0BFE  Unknown               Unknown  Unknown
forrtl: error (78): process killed (SIGTERM)
Image              PC                Routine            Line        Source             
libpthread-2.28.s  000014F00E721CE0  Unknown               Unknown  Unknown
libmkl_def.so.2    000014EDFF8A1CEB  Unknown               Unknown  Unknown
forrtl: error (78): process killed (SIGTERM)
Image              PC                Routine            Line        Source             
libpthread-2.28.s  000014CF73FD3CE0  Unknown               Unknown  Unknown
libmkl_def.so.2    000014CD65153C70  Unknown               Unknown  Unknown
forrtl: error (78): process killed (SIGTERM)
Image              PC                Routine            Line        Source             
libpthread-2.28.s  000014C5334ECCE0  Unknown               Unknown  Unknown
libmkl_def.so.2    000014C32466CAD1  Unknown               Unknown  Unknown
forrtl: error (78): process killed (SIGTERM)
Image              PC                Routine            Line        Source             
libpthread-2.28.s  000015242B5E9CE0  Unknown               Unknown  Unknown
libmkl_def.so.2    000015221C769C88  Unknown               Unknown  Unknown
forrtl: error (78): process killed (SIGTERM)
Image              PC                Routine            Line        Source             
libpthread-2.28.s  0000151EA0A9ACE0  Unknown               Unknown  Unknown
libmkl_def.so.2    0000151C91C1AB5D  Unknown               Unknown  Unknown
forrtl: error (78): process killed (SIGTERM)
Image              PC                Routine            Line        Source             
libpthread-2.28.s  0000150149C67CE0  Unknown               Unknown  Unknown
libmkl_def.so.2    000014FF3ADE7C14  Unknown               Unknown  Unknown
slurmstepd: error: *** STEP 2038095.1 ON c22u13n1 CANCELLED AT 2024-06-16T15:11:11 DUE TO TIME LIMIT ***
