started at date
slurmstepd: error: *** JOB 2044618 ON c20u04n4 CANCELLED AT 2024-06-25T07:31:20 DUE TO TIME LIMIT ***
forrtl: error (78): process killed (SIGTERM)

srun: Job step aborted: Waiting up to 42 seconds for job step to finish.
Stack trace terminated abnormally.
forrtl: error (78): process killed (SIGTERM)

Stack trace terminated abnormally.
forrtl: error (78): process killed (SIGTERM)
Image              PC                Routine            Line        Source             

Stack trace terminated abnormally.
forrtl: error (78): process killed (SIGTERM)
Image              PC                Routine            Line        Source             

Stack trace terminated abnormally.
forrtl: error (78): process killed (SIGTERM)

Stack trace terminated abnormally.
forrtl: error (78): process killed (SIGTERM)
Image              PC                Routine            Line        Source             

Stack trace terminated abnormally.
forrtl: error (78): process killed (SIGTERM)
Image              PC                Routine            Line        Source             

Stack trace terminated abnormally.
forrtl: error (78): process killed (SIGTERM)

Stack trace terminated abnormally.
[c20u17n2:83797:0:83797] Caught signal 11 (Segmentation fault: address not mapped to object at address 0x6a)
forrtl: error (78): process killed (SIGTERM)

Stack trace terminated abnormally.
forrtl: error (78): process killed (SIGTERM)
Image              PC                Routine            Line        Source             

Stack trace terminated abnormally.
forrtl: error (78): process killed (SIGTERM)
Image              PC                Routine            Line        Source             

Stack trace terminated abnormally.
forrtl: error (78): process killed (SIGTERM)
Image              PC                Routine            Line        Source             

Stack trace terminated abnormally.
forrtl: error (78): process killed (SIGTERM)

Stack trace terminated abnormally.
forrtl: error (78): process killed (SIGTERM)
Image              PC                Routine            Line        Source             

Stack trace terminated abnormally.
forrtl: error (78): process killed (SIGTERM)
Image              PC                Routine            Line        Source             

Stack trace terminated abnormally.
slurmstepd: error: *** STEP 2044618.35 ON c20u04n4 CANCELLED AT 2024-06-25T07:31:21 DUE TO TIME LIMIT ***
forrtl: error (78): process killed (SIGTERM)

Stack trace terminated abnormally.
[c20u17n2:83800:0:83800] Caught signal 11 (Segmentation fault: address not mapped to object at address 0x6a)
forrtl: error (78): process killed (SIGTERM)
Image              PC                Routine            Line        Source             

Stack trace terminated abnormally.
forrtl: error (78): process killed (SIGTERM)
Image              PC                Routine            Line        Source             

Stack trace terminated abnormally.
forrtl: error (78): process killed (SIGTERM)
Image              PC                Routine            Line        Source             

Stack trace terminated abnormally.
forrtl: error (78): process killed (SIGTERM)
Image              PC                Routine            Line        Source             

Stack trace terminated abnormally.
forrtl: error (78): process killed (SIGTERM)
Image              PC                Routine            Line        Source             

Stack trace terminated abnormally.
[c20u17n2:83795:0:83795] Caught signal 11 (Segmentation fault: address not mapped to object at address 0x29573fb93a00)
[c20u17n2:83802:0:83802] Caught signal 11 (Segmentation fault: address not mapped to object at address 0x2a54ca607a00)
[c20u17n2:83796:0:83796] Caught signal 11 (Segmentation fault: address not mapped to object at address 0x2a934d4c7a00)
forrtl: error (78): process killed (SIGTERM)
Image              PC                Routine            Line        Source             
libpthread-2.28.s  0000145E1625DCE0  Unknown               Unknown  Unknown
libmpi.so.12.0.0   0000145E16AD9F2F  Unknown               Unknown  Unknown
libmpi.so.12.0.0   0000145E16ACE425  Unknown               Unknown  Unknown
libmpi.so.12.0.0   0000145E16A19C9E  Unknown               Unknown  Unknown
libmpi.so.12.0.0   0000145E16A3498E  Unknown               Unknown  Unknown
libmpi.so.12.0.0   0000145E16A02825  Unknown               Unknown  Unknown
libmpi.so.12.0.0   0000145E169E060A  Unknown               Unknown  Unknown
libmpi.so.12.0.0   0000145E16AE900D  Unknown               Unknown  Unknown
libmpi.so.12.0.0   0000145E169C85CE  MPI_Bcast             Unknown  Unknown

Stack trace terminated abnormally.
forrtl: error (78): process killed (SIGTERM)
Image              PC                Routine            Line        Source             

Stack trace terminated abnormally.
forrtl: error (78): process killed (SIGTERM)
Image              PC                Routine            Line        Source             

Stack trace terminated abnormally.
forrtl: error (78): process killed (SIGTERM)
Image              PC                Routine            Line        Source             

Stack trace terminated abnormally.
forrtl: error (78): process killed (SIGTERM)
Image              PC                Routine            Line        Source             

Stack trace terminated abnormally.
forrtl: error (78): process killed (SIGTERM)
Image              PC                Routine            Line        Source             

Stack trace terminated abnormally.
forrtl: error (78): process killed (SIGTERM)
Image              PC                Routine            Line        Source             

Stack trace terminated abnormally.
forrtl: error (78): process killed (SIGTERM)
Image              PC                Routine            Line        Source             

Stack trace terminated abnormally.
forrtl: error (78): process killed (SIGTERM)
Image              PC                Routine            Line        Source             

Stack trace terminated abnormally.
