========= Job started  at Thu Oct  3 11:44:15 JST 2024 ==========
srun: Job step aborted: Waiting up to 42 seconds for job step to finish.
slurmstepd: error: *** JOB 2164887 ON c15u01n1 CANCELLED AT 2024-10-03T12:09:22 ***
forrtl: error (78): process killed (SIGTERM)
Image              PC                Routine            Line        Source             
libpthread-2.28.s  000014DD24A7ACE0  Unknown               Unknown  Unknown
libmkl_def.so.2    000014DC91A7661B  mkl_dft_def_owns_     Unknown  Unknown
forrtl: error (78): process killed (SIGTERM)
Image              PC                Routine            Line        Source             
libpthread-2.28.s  000014F4FCF70CE0  Unknown               Unknown  Unknown
libmkl_def.so.2    000014F4643CC178  Unknown               Unknown  Unknown
forrtl: error (78): process killed (SIGTERM)
Image              PC                Routine            Line        Source             
libpthread-2.28.s  00001538847A4CE0  Unknown               Unknown  Unknown
pw.x               0000000000AE9A64  vdw_df_mp_vdw_df_        1472  xc_vdW_DF.f90
pw.x               0000000000ADACB3  vdw_df_mp_xc_vdw_         484  xc_vdW_DF.f90
pw.x               0000000000A6A455  funct_mp_nlc_             931  funct.f90
pw.x               0000000000622CA9  v_xc_                     579  v_of_rho.f90
pw.x               000000000061B014  v_of_rho_                  70  v_of_rho.f90
pw.x               00000000004137E3  electrons_scf_            882  electrons.f90
pw.x               000000000040B6AD  electrons_                189  electrons.f90
pw.x               000000000058EED2  run_pwscf_                187  run_pwscf.f90
pw.x               00000000004088F3  MAIN__                     85  pwscf.f90
pw.x               000000000040875D  Unknown               Unknown  Unknown
libc-2.28.so       0000153883C3FCF3  __libc_start_main     Unknown  Unknown
pw.x               000000000040867E  Unknown               Unknown  Unknown
forrtl: error (78): process killed (SIGTERM)
Image              PC                Routine            Line        Source             
libpthread-2.28.s  0000152CCA08ACE0  Unknown               Unknown  Unknown
pw.x               0000000000AE99BD  vdw_df_mp_vdw_df_        1454  xc_vdW_DF.f90
pw.x               0000000000ADACB3  vdw_df_mp_xc_vdw_         484  xc_vdW_DF.f90
pw.x               0000000000A6A455  funct_mp_nlc_             931  funct.f90
pw.x               0000000000622CA9  v_xc_                     579  v_of_rho.f90
pw.x               000000000061B014  v_of_rho_                  70  v_of_rho.f90
pw.x               00000000004137E3  electrons_scf_            882  electrons.f90
pw.x               000000000040B6AD  electrons_                189  electrons.f90
pw.x               000000000058EED2  run_pwscf_                187  run_pwscf.f90
pw.x               00000000004088F3  MAIN__                     85  pwscf.f90
pw.x               000000000040875D  Unknown               Unknown  Unknown
libc-2.28.so       0000152CC9525CF3  __libc_start_main     Unknown  Unknown
pw.x               000000000040867E  Unknown               Unknown  Unknown
forrtl: error (78): process killed (SIGTERM)
Image              PC                Routine            Line        Source             
libpthread-2.28.s  000014BBF55FDCE0  Unknown               Unknown  Unknown
pw.x               0000000000AE9C28  vdw_df_mp_vdw_df_        1487  xc_vdW_DF.f90
pw.x               0000000000ADACB3  vdw_df_mp_xc_vdw_         484  xc_vdW_DF.f90
pw.x               0000000000A6A455  funct_mp_nlc_             931  funct.f90
pw.x               0000000000622CA9  v_xc_                     579  v_of_rho.f90
pw.x               000000000061B014  v_of_rho_                  70  v_of_rho.f90
pw.x               00000000004137E3  electrons_scf_            882  electrons.f90
pw.x               000000000040B6AD  electrons_                189  electrons.f90
pw.x               000000000058EED2  run_pwscf_                187  run_pwscf.f90
pw.x               00000000004088F3  MAIN__                     85  pwscf.f90
pw.x               000000000040875D  Unknown               Unknown  Unknown
libc-2.28.so       000014BBF4A98CF3  __libc_start_main     Unknown  Unknown
pw.x               000000000040867E  Unknown               Unknown  Unknown
forrtl: error (78): process killed (SIGTERM)
Image              PC                Routine            Line        Source             
libpthread-2.28.s  000014C7ACEA8CE0  Unknown               Unknown  Unknown
pw.x               0000000000AE9BE6  vdw_df_mp_vdw_df_        1481  xc_vdW_DF.f90
pw.x               0000000000ADACB3  vdw_df_mp_xc_vdw_         484  xc_vdW_DF.f90
pw.x               0000000000A6A455  funct_mp_nlc_             931  funct.f90
pw.x               0000000000622CA9  v_xc_                     579  v_of_rho.f90
pw.x               000000000061B014  v_of_rho_                  70  v_of_rho.f90
pw.x               00000000004137E3  electrons_scf_            882  electrons.f90
pw.x               000000000040B6AD  electrons_                189  electrons.f90
pw.x               000000000058EED2  run_pwscf_                187  run_pwscf.f90
pw.x               00000000004088F3  MAIN__                     85  pwscf.f90
pw.x               000000000040875D  Unknown               Unknown  Unknown
libc-2.28.so       000014C7AC343CF3  __libc_start_main     Unknown  Unknown
pw.x               000000000040867E  Unknown               Unknown  Unknown
forrtl: error (78): process killed (SIGTERM)
Image              PC                Routine            Line        Source             
libpthread-2.28.s  0000150781150CE0  Unknown               Unknown  Unknown
pw.x               0000000000AE9BF4  vdw_df_mp_vdw_df_        1487  xc_vdW_DF.f90
pw.x               0000000000ADACB3  vdw_df_mp_xc_vdw_         484  xc_vdW_DF.f90
pw.x               0000000000A6A455  funct_mp_nlc_             931  funct.f90
pw.x               0000000000622CA9  v_xc_                     579  v_of_rho.f90
pw.x               000000000061B014  v_of_rho_                  70  v_of_rho.f90
pw.x               00000000004137E3  electrons_scf_            882  electrons.f90
pw.x               000000000040B6AD  electrons_                189  electrons.f90
pw.x               000000000058EED2  run_pwscf_                187  run_pwscf.f90
pw.x               00000000004088F3  MAIN__                     85  pwscf.f90
pw.x               000000000040875D  Unknown               Unknown  Unknown
libc-2.28.so       00001507805EBCF3  __libc_start_main     Unknown  Unknown
pw.x               000000000040867E  Unknown               Unknown  Unknown
forrtl: error (78): process killed (SIGTERM)
Image              PC                Routine            Line        Source             
libpthread-2.28.s  000014A8C424BCE0  Unknown               Unknown  Unknown
pw.x               0000000000AE9BF4  vdw_df_mp_vdw_df_        1487  xc_vdW_DF.f90
pw.x               0000000000ADACB3  vdw_df_mp_xc_vdw_         484  xc_vdW_DF.f90
pw.x               0000000000A6A455  funct_mp_nlc_             931  funct.f90
pw.x               0000000000622CA9  v_xc_                     579  v_of_rho.f90
pw.x               000000000061B014  v_of_rho_                  70  v_of_rho.f90
pw.x               00000000004137E3  electrons_scf_            882  electrons.f90
pw.x               000000000040B6AD  electrons_                189  electrons.f90
pw.x               000000000058EED2  run_pwscf_                187  run_pwscf.f90
pw.x               00000000004088F3  MAIN__                     85  pwscf.f90
pw.x               000000000040875D  Unknown               Unknown  Unknown
libc-2.28.so       000014A8C36E6CF3  __libc_start_main     Unknown  Unknown
pw.x               000000000040867E  Unknown               Unknown  Unknown
forrtl: error (78): process killed (SIGTERM)
Image              PC                Routine            Line        Source             
libpthread-2.28.s  000014E12895CCE0  Unknown               Unknown  Unknown
pw.x               0000000000AE9C39  vdw_df_mp_vdw_df_        1487  xc_vdW_DF.f90
pw.x               0000000000ADACB3  vdw_df_mp_xc_vdw_         484  xc_vdW_DF.f90
pw.x               0000000000A6A455  funct_mp_nlc_             931  funct.f90
pw.x               0000000000622CA9  v_xc_                     579  v_of_rho.f90
pw.x               000000000061B014  v_of_rho_                  70  v_of_rho.f90
pw.x               00000000004137E3  electrons_scf_            882  electrons.f90
pw.x               000000000040B6AD  electrons_                189  electrons.f90
pw.x               000000000058EED2  run_pwscf_                187  run_pwscf.f90
pw.x               00000000004088F3  MAIN__                     85  pwscf.f90
pw.x               000000000040875D  Unknown               Unknown  Unknown
libc-2.28.so       000014E127DF7CF3  __libc_start_main     Unknown  Unknown
pw.x               000000000040867E  Unknown               Unknown  Unknown
forrtl: error (78): process killed (SIGTERM)
Image              PC                Routine            Line        Source             
libpthread-2.28.s  000014FF487ACCE0  Unknown               Unknown  Unknown
pw.x               0000000000AE9BD3  vdw_df_mp_vdw_df_        1482  xc_vdW_DF.f90
pw.x               0000000000ADACB3  vdw_df_mp_xc_vdw_         484  xc_vdW_DF.f90
pw.x               0000000000A6A455  funct_mp_nlc_             931  funct.f90
pw.x               0000000000622CA9  v_xc_                     579  v_of_rho.f90
pw.x               000000000061B014  v_of_rho_                  70  v_of_rho.f90
pw.x               00000000004137E3  electrons_scf_            882  electrons.f90
pw.x               000000000040B6AD  electrons_                189  electrons.f90
pw.x               000000000058EED2  run_pwscf_                187  run_pwscf.f90
pw.x               00000000004088F3  MAIN__                     85  pwscf.f90
pw.x               000000000040875D  Unknown               Unknown  Unknown
libc-2.28.so       000014FF47C47CF3  __libc_start_main     Unknown  Unknown
pw.x               000000000040867E  Unknown               Unknown  Unknown
slurmstepd: error: *** STEP 2164887.4 ON c15u01n1 CANCELLED AT 2024-10-03T12:09:22 ***
forrtl: error (78): process killed (SIGTERM)
Image              PC                Routine            Line        Source             
libpthread-2.28.s  000014C980BB3CE0  Unknown               Unknown  Unknown
pw.x               0000000000AE9C39  vdw_df_mp_vdw_df_        1487  xc_vdW_DF.f90
pw.x               0000000000ADACB3  vdw_df_mp_xc_vdw_         484  xc_vdW_DF.f90
pw.x               0000000000A6A455  funct_mp_nlc_             931  funct.f90
pw.x               0000000000622CA9  v_xc_                     579  v_of_rho.f90
pw.x               000000000061B014  v_of_rho_                  70  v_of_rho.f90
pw.x               00000000004137E3  electrons_scf_            882  electrons.f90
pw.x               000000000040B6AD  electrons_                189  electrons.f90
pw.x               000000000058EED2  run_pwscf_                187  run_pwscf.f90
pw.x               00000000004088F3  MAIN__                     85  pwscf.f90
pw.x               000000000040875D  Unknown               Unknown  Unknown
libc-2.28.so       000014C98004ECF3  __libc_start_main     Unknown  Unknown
pw.x               000000000040867E  Unknown               Unknown  Unknown
forrtl: error (78): process killed (SIGTERM)
Image              PC                Routine            Line        Source             
libpthread-2.28.s  000014B67EA3BCE0  Unknown               Unknown  Unknown
pw.x               0000000000AE9C39  vdw_df_mp_vdw_df_        1487  xc_vdW_DF.f90
pw.x               0000000000ADACB3  vdw_df_mp_xc_vdw_         484  xc_vdW_DF.f90
pw.x               0000000000A6A455  funct_mp_nlc_             931  funct.f90
pw.x               0000000000622CA9  v_xc_                     579  v_of_rho.f90
pw.x               000000000061B014  v_of_rho_                  70  v_of_rho.f90
pw.x               00000000004137E3  electrons_scf_            882  electrons.f90
pw.x               000000000040B6AD  electrons_                189  electrons.f90
pw.x               000000000058EED2  run_pwscf_                187  run_pwscf.f90
pw.x               00000000004088F3  MAIN__                     85  pwscf.f90
pw.x               000000000040875D  Unknown               Unknown  Unknown
libc-2.28.so       000014B67DED6CF3  __libc_start_main     Unknown  Unknown
pw.x               000000000040867E  Unknown               Unknown  Unknown
forrtl: error (78): process killed (SIGTERM)
Image              PC                Routine            Line        Source             
libpthread-2.28.s  0000146851DD4CE0  Unknown               Unknown  Unknown
pw.x               0000000000E88752  fft_scatter_2d_mp         111  fft_scatter_2d.f90
pw.x               0000000000E9FA1A  fft_parallel_2d_m         176  fft_parallel_2d.f90
pw.x               0000000000E8AB71  invfft_y_                  89  fft_fwinv.f90
pw.x               0000000000ADAC74  vdw_df_mp_xc_vdw_         481  xc_vdW_DF.f90
pw.x               0000000000A6A455  funct_mp_nlc_             931  funct.f90
pw.x               0000000000622CA9  v_xc_                     579  v_of_rho.f90
pw.x               000000000061B014  v_of_rho_                  70  v_of_rho.f90
pw.x               00000000004137E3  electrons_scf_            882  electrons.f90
pw.x               000000000040B6AD  electrons_                189  electrons.f90
pw.x               000000000058EED2  run_pwscf_                187  run_pwscf.f90
pw.x               00000000004088F3  MAIN__                     85  pwscf.f90
pw.x               000000000040875D  Unknown               Unknown  Unknown
libc-2.28.so       000014685126FCF3  __libc_start_main     Unknown  Unknown
pw.x               000000000040867E  Unknown               Unknown  Unknown
forrtl: error (78): process killed (SIGTERM)
Image              PC                Routine            Line        Source             
libpthread-2.28.s  000014FB6043DCE0  Unknown               Unknown  Unknown
pw.x               0000000000AE9E68  vdw_df_mp_vdw_df_        1498  xc_vdW_DF.f90
pw.x               0000000000ADACB3  vdw_df_mp_xc_vdw_         484  xc_vdW_DF.f90
pw.x               0000000000A6A455  funct_mp_nlc_             931  funct.f90
pw.x               0000000000622CA9  v_xc_                     579  v_of_rho.f90
pw.x               000000000061B014  v_of_rho_                  70  v_of_rho.f90
pw.x               00000000004137E3  electrons_scf_            882  electrons.f90
pw.x               000000000040B6AD  electrons_                189  electrons.f90
pw.x               000000000058EED2  run_pwscf_                187  run_pwscf.f90
pw.x               00000000004088F3  MAIN__                     85  pwscf.f90
pw.x               000000000040875D  Unknown               Unknown  Unknown
libc-2.28.so       000014FB5F8D8CF3  __libc_start_main     Unknown  Unknown
pw.x               000000000040867E  Unknown               Unknown  Unknown
forrtl: error (78): process killed (SIGTERM)
Image              PC                Routine            Line        Source             
libpthread-2.28.s  000014AC84F4FCE0  Unknown               Unknown  Unknown
pw.x               0000000000E88CC2  fft_scatter_2d_mp         113  fft_scatter_2d.f90
pw.x               0000000000E9FA1A  fft_parallel_2d_m         176  fft_parallel_2d.f90
pw.x               0000000000E8AB71  invfft_y_                  89  fft_fwinv.f90
pw.x               0000000000ADAC74  vdw_df_mp_xc_vdw_         481  xc_vdW_DF.f90
pw.x               0000000000A6A455  funct_mp_nlc_             931  funct.f90
pw.x               0000000000622CA9  v_xc_                     579  v_of_rho.f90
pw.x               000000000061B014  v_of_rho_                  70  v_of_rho.f90
pw.x               00000000004137E3  electrons_scf_            882  electrons.f90
pw.x               000000000040B6AD  electrons_                189  electrons.f90
pw.x               000000000058EED2  run_pwscf_                187  run_pwscf.f90
pw.x               00000000004088F3  MAIN__                     85  pwscf.f90
pw.x               000000000040875D  Unknown               Unknown  Unknown
libc-2.28.so       000014AC843EACF3  __libc_start_main     Unknown  Unknown
pw.x               000000000040867E  Unknown               Unknown  Unknown
forrtl: error (78): process killed (SIGTERM)
Image              PC                Routine            Line        Source             
libpthread-2.28.s  0000147307250CE0  Unknown               Unknown  Unknown
pw.x               0000000000AE9BF4  vdw_df_mp_vdw_df_        1487  xc_vdW_DF.f90
pw.x               0000000000ADACB3  vdw_df_mp_xc_vdw_         484  xc_vdW_DF.f90
pw.x               0000000000A6A455  funct_mp_nlc_             931  funct.f90
pw.x               0000000000622CA9  v_xc_                     579  v_of_rho.f90
pw.x               000000000061B014  v_of_rho_                  70  v_of_rho.f90
pw.x               00000000004137E3  electrons_scf_            882  electrons.f90
pw.x               000000000040B6AD  electrons_                189  electrons.f90
pw.x               000000000058EED2  run_pwscf_                187  run_pwscf.f90
pw.x               00000000004088F3  MAIN__                     85  pwscf.f90
pw.x               000000000040875D  Unknown               Unknown  Unknown
libc-2.28.so       00001473066EBCF3  __libc_start_main     Unknown  Unknown
pw.x               000000000040867E  Unknown               Unknown  Unknown
forrtl: error (78): process killed (SIGTERM)
Image              PC                Routine            Line        Source             
libpthread-2.28.s  00001497A3C2ECE0  Unknown               Unknown  Unknown
pw.x               0000000000AE9BD7  vdw_df_mp_vdw_df_        1482  xc_vdW_DF.f90
pw.x               0000000000ADACB3  vdw_df_mp_xc_vdw_         484  xc_vdW_DF.f90
pw.x               0000000000A6A455  funct_mp_nlc_             931  funct.f90
pw.x               0000000000622CA9  v_xc_                     579  v_of_rho.f90
pw.x               000000000061B014  v_of_rho_                  70  v_of_rho.f90
pw.x               00000000004137E3  electrons_scf_            882  electrons.f90
pw.x               000000000040B6AD  electrons_                189  electrons.f90
pw.x               000000000058EED2  run_pwscf_                187  run_pwscf.f90
pw.x               00000000004088F3  MAIN__                     85  pwscf.f90
pw.x               000000000040875D  Unknown               Unknown  Unknown
libc-2.28.so       00001497A30C9CF3  __libc_start_main     Unknown  Unknown
pw.x               000000000040867E  Unknown               Unknown  Unknown
forrtl: error (78): process killed (SIGTERM)
Image              PC                Routine            Line        Source             
libpthread-2.28.s  000014A85CDE3CE0  Unknown               Unknown  Unknown
pw.x               0000000000AE9BF4  vdw_df_mp_vdw_df_        1487  xc_vdW_DF.f90
pw.x               0000000000ADACB3  vdw_df_mp_xc_vdw_         484  xc_vdW_DF.f90
pw.x               0000000000A6A455  funct_mp_nlc_             931  funct.f90
pw.x               0000000000622CA9  v_xc_                     579  v_of_rho.f90
pw.x               000000000061B014  v_of_rho_                  70  v_of_rho.f90
pw.x               00000000004137E3  electrons_scf_            882  electrons.f90
pw.x               000000000040B6AD  electrons_                189  electrons.f90
pw.x               000000000058EED2  run_pwscf_                187  run_pwscf.f90
pw.x               00000000004088F3  MAIN__                     85  pwscf.f90
pw.x               000000000040875D  Unknown               Unknown  Unknown
libc-2.28.so       000014A85C27ECF3  __libc_start_main     Unknown  Unknown
pw.x               000000000040867E  Unknown               Unknown  Unknown
forrtl: error (78): process killed (SIGTERM)
Image              PC                Routine            Line        Source             
libpthread-2.28.s  0000152F56A0BCE0  Unknown               Unknown  Unknown
pw.x               0000000000AE9B65  vdw_df_mp_vdw_df_        1478  xc_vdW_DF.f90
pw.x               0000000000ADACB3  vdw_df_mp_xc_vdw_         484  xc_vdW_DF.f90
pw.x               0000000000A6A455  funct_mp_nlc_             931  funct.f90
pw.x               0000000000622CA9  v_xc_                     579  v_of_rho.f90
pw.x               000000000061B014  v_of_rho_                  70  v_of_rho.f90
pw.x               00000000004137E3  electrons_scf_            882  electrons.f90
pw.x               000000000040B6AD  electrons_                189  electrons.f90
pw.x               000000000058EED2  run_pwscf_                187  run_pwscf.f90
pw.x               00000000004088F3  MAIN__                     85  pwscf.f90
pw.x               000000000040875D  Unknown               Unknown  Unknown
libc-2.28.so       0000152F55EA6CF3  __libc_start_main     Unknown  Unknown
pw.x               000000000040867E  Unknown               Unknown  Unknown
forrtl: error (78): process killed (SIGTERM)
Image              PC                Routine            Line        Source             
libpthread-2.28.s  00001489316CACE0  Unknown               Unknown  Unknown
pw.x               0000000000AE9BF4  vdw_df_mp_vdw_df_        1487  xc_vdW_DF.f90
pw.x               0000000000ADACB3  vdw_df_mp_xc_vdw_         484  xc_vdW_DF.f90
pw.x               0000000000A6A455  funct_mp_nlc_             931  funct.f90
pw.x               0000000000622CA9  v_xc_                     579  v_of_rho.f90
pw.x               000000000061B014  v_of_rho_                  70  v_of_rho.f90
pw.x               00000000004137E3  electrons_scf_            882  electrons.f90
pw.x               000000000040B6AD  electrons_                189  electrons.f90
pw.x               000000000058EED2  run_pwscf_                187  run_pwscf.f90
pw.x               00000000004088F3  MAIN__                     85  pwscf.f90
pw.x               000000000040875D  Unknown               Unknown  Unknown
libc-2.28.so       0000148930B65CF3  __libc_start_main     Unknown  Unknown
pw.x               000000000040867E  Unknown               Unknown  Unknown
forrtl: error (78): process killed (SIGTERM)
Image              PC                Routine            Line        Source             
libpthread-2.28.s  0000150047BF0CE0  Unknown               Unknown  Unknown
pw.x               0000000000E88CC2  fft_scatter_2d_mp         113  fft_scatter_2d.f90
pw.x               0000000000E9FA1A  fft_parallel_2d_m         176  fft_parallel_2d.f90
pw.x               0000000000E8AB71  invfft_y_                  89  fft_fwinv.f90
pw.x               0000000000ADAC74  vdw_df_mp_xc_vdw_         481  xc_vdW_DF.f90
pw.x               0000000000A6A455  funct_mp_nlc_             931  funct.f90
pw.x               0000000000622CA9  v_xc_                     579  v_of_rho.f90
pw.x               000000000061B014  v_of_rho_                  70  v_of_rho.f90
pw.x               00000000004137E3  electrons_scf_            882  electrons.f90
pw.x               000000000040B6AD  electrons_                189  electrons.f90
pw.x               000000000058EED2  run_pwscf_                187  run_pwscf.f90
pw.x               00000000004088F3  MAIN__                     85  pwscf.f90
pw.x               000000000040875D  Unknown               Unknown  Unknown
libc-2.28.so       000015004708BCF3  __libc_start_main     Unknown  Unknown
pw.x               000000000040867E  Unknown               Unknown  Unknown
forrtl: error (78): process killed (SIGTERM)
Image              PC                Routine            Line        Source             
libpthread-2.28.s  00001506F77B4CE0  Unknown               Unknown  Unknown
libpsm3-fi.so      0000150673FF0DC4  Unknown               Unknown  Unknown
libpsm3-fi.so      0000150673FAD108  Unknown               Unknown  Unknown
libpsm3-fi.so      0000150673FB182E  Unknown               Unknown  Unknown
libpsm3-fi.so      0000150673FB5B35  Unknown               Unknown  Unknown
libpsm3-fi.so      0000150673F99F2C  Unknown               Unknown  Unknown
libpsm3-fi.so      0000150673F4870B  Unknown               Unknown  Unknown
libmpi.so.12.0.0   00001506F815F062  Unknown               Unknown  Unknown
libmpi.so.12.0.0   00001506F7EF8DBF  Unknown               Unknown  Unknown
libmpi.so.12.0.0   00001506F7F5BB99  Unknown               Unknown  Unknown
libmpi.so.12.0.0   00001506F7F3760A  Unknown               Unknown  Unknown
libmpi.so.12.0.0   00001506F803FDB5  Unknown               Unknown  Unknown
libmpi.so.12.0.0   00001506F7EF9A8C  MPI_Alltoall          Unknown  Unknown
libmpifort.so.12.  00001506F97C8C7E  PMPI_ALLTOALL         Unknown  Unknown
pw.x               0000000000E887E2  fft_scatter_2d_mp         123  fft_scatter_2d.f90
pw.x               0000000000E9FA1A  fft_parallel_2d_m         176  fft_parallel_2d.f90
pw.x               0000000000E8AB71  invfft_y_                  89  fft_fwinv.f90
pw.x               0000000000ADAC74  vdw_df_mp_xc_vdw_         481  xc_vdW_DF.f90
pw.x               0000000000A6A455  funct_mp_nlc_             931  funct.f90
pw.x               0000000000622CA9  v_xc_                     579  v_of_rho.f90
pw.x               000000000061B014  v_of_rho_                  70  v_of_rho.f90
pw.x               00000000004137E3  electrons_scf_            882  electrons.f90
pw.x               000000000040B6AD  electrons_                189  electrons.f90
pw.x               000000000058EED2  run_pwscf_                187  run_pwscf.f90
pw.x               00000000004088F3  MAIN__                     85  pwscf.f90
pw.x               000000000040875D  Unknown               Unknown  Unknown
libc-2.28.so       00001506F6C4FCF3  __libc_start_main     Unknown  Unknown
pw.x               000000000040867E  Unknown               Unknown  Unknown
forrtl: error (78): process killed (SIGTERM)
Image              PC                Routine            Line        Source             
libpthread-2.28.s  000014F16245BCE0  Unknown               Unknown  Unknown
libpthread-2.28.s  000014F162458357  pthread_spin_lock     Unknown  Unknown
libpsm3-fi.so      000014F0DEC58863  Unknown               Unknown  Unknown
libpsm3-fi.so      000014F0DEC5CB35  Unknown               Unknown  Unknown
libpsm3-fi.so      000014F0DEC40F2C  Unknown               Unknown  Unknown
libpsm3-fi.so      000014F0DEBEF70B  Unknown               Unknown  Unknown
libmpi.so.12.0.0   000014F162E06062  Unknown               Unknown  Unknown
libmpi.so.12.0.0   000014F162B9FDBF  Unknown               Unknown  Unknown
libmpi.so.12.0.0   000014F162C02B99  Unknown               Unknown  Unknown
libmpi.so.12.0.0   000014F162BDE60A  Unknown               Unknown  Unknown
libmpi.so.12.0.0   000014F162CE6DB5  Unknown               Unknown  Unknown
libmpi.so.12.0.0   000014F162BA0A8C  MPI_Alltoall          Unknown  Unknown
libmpifort.so.12.  000014F16446FC7E  PMPI_ALLTOALL         Unknown  Unknown
pw.x               0000000000E887E2  fft_scatter_2d_mp         123  fft_scatter_2d.f90
pw.x               0000000000E9FA1A  fft_parallel_2d_m         176  fft_parallel_2d.f90
pw.x               0000000000E8AB71  invfft_y_                  89  fft_fwinv.f90
pw.x               0000000000ADAC74  vdw_df_mp_xc_vdw_         481  xc_vdW_DF.f90
pw.x               0000000000A6A455  funct_mp_nlc_             931  funct.f90
pw.x               0000000000622CA9  v_xc_                     579  v_of_rho.f90
pw.x               000000000061B014  v_of_rho_                  70  v_of_rho.f90
pw.x               00000000004137E3  electrons_scf_            882  electrons.f90
pw.x               000000000040B6AD  electrons_                189  electrons.f90
pw.x               000000000058EED2  run_pwscf_                187  run_pwscf.f90
pw.x               00000000004088F3  MAIN__                     85  pwscf.f90
pw.x               000000000040875D  Unknown               Unknown  Unknown
libc-2.28.so       000014F1618F6CF3  __libc_start_main     Unknown  Unknown
pw.x               000000000040867E  Unknown               Unknown  Unknown
forrtl: error (78): process killed (SIGTERM)
Image              PC                Routine            Line        Source             
libpthread-2.28.s  000014DF79046CE0  Unknown               Unknown  Unknown
libmpi.so.12.0.0   000014DF799EF30D  Unknown               Unknown  Unknown
libmpi.so.12.0.0   000014DF7978ADBF  Unknown               Unknown  Unknown
libmpi.so.12.0.0   000014DF797EDB99  Unknown               Unknown  Unknown
libmpi.so.12.0.0   000014DF797C960A  Unknown               Unknown  Unknown
libmpi.so.12.0.0   000014DF798D1DB5  Unknown               Unknown  Unknown
libmpi.so.12.0.0   000014DF7978BA8C  MPI_Alltoall          Unknown  Unknown
libmpifort.so.12.  000014DF7B05AC7E  PMPI_ALLTOALL         Unknown  Unknown
pw.x               0000000000E887E2  fft_scatter_2d_mp         123  fft_scatter_2d.f90
pw.x               0000000000E9FA1A  fft_parallel_2d_m         176  fft_parallel_2d.f90
pw.x               0000000000E8AB71  invfft_y_                  89  fft_fwinv.f90
pw.x               0000000000ADAC74  vdw_df_mp_xc_vdw_         481  xc_vdW_DF.f90
pw.x               0000000000A6A455  funct_mp_nlc_             931  funct.f90
