started at date
255
255
255
255
255
255
255
255
255
255
255
255
255
255
255
255
255
255
255
255
255
255
255
255
255
255
255
255
255
255
255
255
255
255
255
255
255
255
255
255
255
255
255
255
255
255
255
255
255
255
255
255
255
255
255
255
255
255
255
255
255
255
255
255
255
255
255
255
255
255
255
255
255
255
255
255
255
255
255
255
255
255
255
255
255
255
255
255
255
255
255
255
255
255
255
255
255
255
255
255
255
255
255
255
255
255
255
255
255
255
255
255
255
255
255
255
255
255
255
255
255
255
255
255
255
255
255
255
srun: error: c23u02n4: tasks 64-79: Exited with exit code 255
srun: launch/slurm: _step_signal: Terminating StepId=2034721.0
slurmstepd: error: *** STEP 2034721.0 ON c23u01n1 CANCELLED AT 2024-06-13T21:02:59 ***
srun: error: c23u03n3: tasks 96-111: Exited with exit code 255
srun: error: c23u04n4: tasks 112-127: Exited with exit code 255
srun: error: c23u01n3: tasks 16-31: Exited with exit code 255
srun: error: c23u03n2: tasks 80-95: Exited with exit code 255
srun: error: c23u02n2: tasks 48-63: Exited with exit code 255
srun: error: c23u01n4: tasks 32-47: Exited with exit code 255
srun: error: c23u01n1: tasks 0-15: Exited with exit code 255
Traceback (most recent call last):
  File "slab_ads.py", line 97, in <module>
    potentialenergy = slab_structure.get_potential_energy()
  File "/home/k0227/k022716/ASE/ase/lib64/python3.8/site-packages/ase/atoms.py", line 731, in get_potential_energy
    energy = self._calc.get_potential_energy(self)
  File "/home/k0227/k022716/ASE/ase/lib64/python3.8/site-packages/ase/calculators/calculator.py", line 709, in get_potential_energy
    energy = self.get_property('energy', atoms)
  File "/home/k0227/k022716/ASE/ase/lib64/python3.8/site-packages/ase/calculators/calculator.py", line 737, in get_property
    self.calculate(atoms, [name], system_changes)
  File "/home/k0227/k022716/ASE/ase/lib64/python3.8/site-packages/ase/calculators/calculator.py", line 938, in calculate
    raise CalculationFailed(msg)
ase.calculators.calculator.CalculationFailed: Calculator "espresso" failed with command "srun /home/k0227/k022716/QE/src/qe-7.2/bin/pw.x -in Cu-850-7.746788121318915.pwi > Cu-850-7.746788121318915.pwo" failed in /home/k0227/k022716/QE/out/Cu/Cu_111/adsorbate/bridge/beef_pp with error code 255
