started at date
srun: Job step aborted: Waiting up to 42 seconds for job step to finish.
slurmstepd: error: *** JOB 2034728 ON c20u05n1 CANCELLED AT 2024-06-13T21:24:20 DUE TO TIME LIMIT ***
forrtl: error (78): process killed (SIGTERM)

Stack trace terminated abnormally.
forrtl: error (78): process killed (SIGTERM)
Image              PC                Routine            Line        Source             

Stack trace terminated abnormally.
forrtl: error (78): process killed (SIGTERM)

Stack trace terminated abnormally.
forrtl: error (78): process killed (SIGTERM)
Image              PC                Routine            Line        Source             

Stack trace terminated abnormally.
forrtl: error (78): process killed (SIGTERM)
Image              PC                Routine            Line        Source             

Stack trace terminated abnormally.
forrtl: error (78): process killed (SIGTERM)
Image              PC                Routine            Line        Source             

Stack trace terminated abnormally.
forrtl: error (78): process killed (SIGTERM)
Image              PC                Routine            Line        Source             

Stack trace terminated abnormally.
forrtl: error (78): process killed (SIGTERM)

Stack trace terminated abnormally.
forrtl: error (78): process killed (SIGTERM)
Image              PC                Routine            Line        Source             

Stack trace terminated abnormally.
forrtl: error (78): process killed (SIGTERM)

Stack trace terminated abnormally.
forrtl: error (78): process killed (SIGTERM)
Image              PC                Routine            Line        Source             

Stack trace terminated abnormally.
forrtl: error (78): process killed (SIGTERM)
Image              PC                Routine            Line        Source             

Stack trace terminated abnormally.
forrtl: error (78): process killed (SIGTERM)
Image              PC                Routine            Line        Source             

Stack trace terminated abnormally.
forrtl: error (78): process killed (SIGTERM)
Image              PC                Routine            Line        Source             

Stack trace terminated abnormally.
forrtl: error (78): process killed (SIGTERM)

Stack trace terminated abnormally.
forrtl: error (78): process killed (SIGTERM)
Image              PC                Routine            Line        Source             

Stack trace terminated abnormally.
forrtl: error (78): process killed (SIGTERM)

Stack trace terminated abnormally.
forrtl: error (78): process killed (SIGTERM)
Image              PC                Routine            Line        Source             

Stack trace terminated abnormally.
forrtl: error (78): process killed (SIGTERM)
Image              PC                Routine            Line        Source             

Stack trace terminated abnormally.
forrtl: error (78): process killed (SIGTERM)
Image              PC                Routine            Line        Source             

Stack trace terminated abnormally.
forrtl: error (78): process killed (SIGTERM)
Image              PC                Routine            Line        Source             

Stack trace terminated abnormally.
forrtl: error (78): process killed (SIGTERM)
Image              PC                Routine            Line        Source             

Stack trace terminated abnormally.
forrtl: error (78): process killed (SIGTERM)
Image              PC                Routine            Line        Source             

Stack trace terminated abnormally.
forrtl: error (78): process killed (SIGTERM)
Image              PC                Routine            Line        Source             

Stack trace terminated abnormally.
forrtl: error (78): process killed (SIGTERM)
Image              PC                Routine            Line        Source             

Stack trace terminated abnormally.
forrtl: error (78): process killed (SIGTERM)
Image              PC                Routine            Line        Source             

Stack trace terminated abnormally.
forrtl: error (78): process killed (SIGTERM)
Image              PC                Routine            Line        Source             

Stack trace terminated abnormally.
forrtl: error (78): process killed (SIGTERM)
Image              PC                Routine            Line        Source             

Stack trace terminated abnormally.
forrtl: error (78): process killed (SIGTERM)
Image              PC                Routine            Line        Source             

Stack trace terminated abnormally.
forrtl: error (78): process killed (SIGTERM)
Image              PC                Routine            Line        Source             

Stack trace terminated abnormally.
forrtl: error (78): process killed (SIGTERM)
Image              PC                Routine            Line        Source             

Stack trace terminated abnormally.
forrtl: error (78): process killed (SIGTERM)
Image              PC                Routine            Line        Source             

Stack trace terminated abnormally.
forrtl: error (78): process killed (SIGTERM)
Image              PC                Routine            Line        Source             

Stack trace terminated abnormally.
forrtl: error (78): process killed (SIGTERM)
Image              PC                Routine            Line        Source             

Stack trace terminated abnormally.
forrtl: error (78): process killed (SIGTERM)
Image              PC                Routine            Line        Source             

Stack trace terminated abnormally.
forrtl: error (78): process killed (SIGTERM)
Image              PC                Routine            Line        Source             

Stack trace terminated abnormally.
forrtl: error (78): process killed (SIGTERM)
Image              PC                Routine            Line        Source             

Stack trace terminated abnormally.
forrtl: error (78): process killed (SIGTERM)

Stack trace terminated abnormally.
forrtl: error (78): process killed (SIGTERM)
Image              PC                Routine            Line        Source             

Stack trace terminated abnormally.
forrtl: error (78): process killed (SIGTERM)
Image              PC                Routine            Line        Source             

Stack trace terminated abnormally.
forrtl: error (78): process killed (SIGTERM)
Image              PC                Routine            Line        Source             

Stack trace terminated abnormally.
forrtl: error (78): process killed (SIGTERM)
Image              PC                Routine            Line        Source             

Stack trace terminated abnormally.
forrtl: error (78): process killed (SIGTERM)
Image              PC                Routine            Line        Source             

Stack trace terminated abnormally.
forrtl: error (78): process killed (SIGTERM)
Image              PC                Routine            Line        Source             

Stack trace terminated abnormally.
forrtl: error (78): process killed (SIGTERM)
Image              PC                Routine            Line        Source             

Stack trace terminated abnormally.
forrtl: error (78): process killed (SIGTERM)
Image              PC                Routine            Line        Source             

Stack trace terminated abnormally.
forrtl: error (78): process killed (SIGTERM)
Image              PC                Routine            Line        Source             

Stack trace terminated abnormally.
forrtl: error (78): process killed (SIGTERM)
Image              PC                Routine            Line        Source             

Stack trace terminated abnormally.
forrtl: error (78): process killed (SIGTERM)
Image              PC                Routine            Line        Source             

Stack trace terminated abnormally.
forrtl: error (78): process killed (SIGTERM)
Image              PC                Routine            Line        Source             

Stack trace terminated abnormally.
forrtl: error (78): process killed (SIGTERM)
Image              PC                Routine            Line        Source             

Stack trace terminated abnormally.
forrtl: error (78): process killed (SIGTERM)
Image              PC                Routine            Line        Source             

Stack trace terminated abnormally.
forrtl: error (78): process killed (SIGTERM)
Image              PC                Routine            Line        Source             

Stack trace terminated abnormally.
forrtl: error (78): process killed (SIGTERM)
Image              PC                Routine            Line        Source             

Stack trace terminated abnormally.
forrtl: error (78): process killed (SIGTERM)
Image              PC                Routine            Line        Source             

Stack trace terminated abnormally.
forrtl: error (78): process killed (SIGTERM)
Image              PC                Routine            Line        Source             

Stack trace terminated abnormally.
forrtl: error (78): process killed (SIGTERM)
Image              PC                Routine            Line        Source             

Stack trace terminated abnormally.
forrtl: error (78): process killed (SIGTERM)
Image              PC                Routine            Line        Source             

Stack trace terminated abnormally.
forrtl: error (78): process killed (SIGTERM)
Image              PC                Routine            Line        Source             

Stack trace terminated abnormally.
forrtl: error (78): process killed (SIGTERM)
Image              PC                Routine            Line        Source             

Stack trace terminated abnormally.
forrtl: error (78): process killed (SIGTERM)
Image              PC                Routine            Line        Source             

Stack trace terminated abnormally.
forrtl: error (78): process killed (SIGTERM)
Image              PC                Routine            Line        Source             

Stack trace terminated abnormally.
forrtl: error (78): process killed (SIGTERM)
Image              PC                Routine            Line        Source             

Stack trace terminated abnormally.
forrtl: error (78): process killed (SIGTERM)
Image              PC                Routine            Line        Source             

Stack trace terminated abnormally.
forrtl: error (78): process killed (SIGTERM)
Image              PC                Routine            Line        Source             

Stack trace terminated abnormally.
forrtl: error (78): process killed (SIGTERM)
Image              PC                Routine            Line        Source             

Stack trace terminated abnormally.
forrtl: error (78): process killed (SIGTERM)
Image              PC                Routine            Line        Source             

Stack trace terminated abnormally.
forrtl: error (78): process killed (SIGTERM)
Image              PC                Routine            Line        Source             

Stack trace terminated abnormally.
forrtl: error (78): process killed (SIGTERM)
Image              PC                Routine            Line        Source             

Stack trace terminated abnormally.
forrtl: error (78): process killed (SIGTERM)
Image              PC                Routine            Line        Source             

Stack trace terminated abnormally.
forrtl: error (78): process killed (SIGTERM)
Image              PC                Routine            Line        Source             

Stack trace terminated abnormally.
forrtl: error (78): process killed (SIGTERM)
Image              PC                Routine            Line        Source             

Stack trace terminated abnormally.
forrtl: error (78): process killed (SIGTERM)
Image              PC                Routine            Line        Source             

Stack trace terminated abnormally.
forrtl: error (78): process killed (SIGTERM)
Image              PC                Routine            Line        Source             

Stack trace terminated abnormally.
forrtl: error (78): process killed (SIGTERM)
Image              PC                Routine            Line        Source             

Stack trace terminated abnormally.
forrtl: error (78): process killed (SIGTERM)
Image              PC                Routine            Line        Source             

Stack trace terminated abnormally.
forrtl: error (78): process killed (SIGTERM)
Image              PC                Routine            Line        Source             

Stack trace terminated abnormally.
forrtl: error (78): process killed (SIGTERM)
Image              PC                Routine            Line        Source             

Stack trace terminated abnormally.
forrtl: error (78): process killed (SIGTERM)
Image              PC                Routine            Line        Source             

Stack trace terminated abnormally.
forrtl: error (78): process killed (SIGTERM)
Image              PC                Routine            Line        Source             

Stack trace terminated abnormally.
forrtl: error (78): process killed (SIGTERM)
Image              PC                Routine            Line        Source             

Stack trace terminated abnormally.
forrtl: error (78): process killed (SIGTERM)
Image              PC                Routine            Line        Source             

Stack trace terminated abnormally.
forrtl: error (78): process killed (SIGTERM)
Image              PC                Routine            Line        Source             

Stack trace terminated abnormally.
forrtl: error (78): process killed (SIGTERM)
Image              PC                Routine            Line        Source             

Stack trace terminated abnormally.
forrtl: error (78): process killed (SIGTERM)
Image              PC                Routine            Line        Source             

Stack trace terminated abnormally.
forrtl: error (78): process killed (SIGTERM)
Image              PC                Routine            Line        Source             

Stack trace terminated abnormally.
forrtl: error (78): process killed (SIGTERM)
Image              PC                Routine            Line        Source             

Stack trace terminated abnormally.
forrtl: error (78): process killed (SIGTERM)
Image              PC                Routine            Line        Source             

Stack trace terminated abnormally.
forrtl: error (78): process killed (SIGTERM)
Image              PC                Routine            Line        Source             

Stack trace terminated abnormally.
forrtl: error (78): process killed (SIGTERM)
Image              PC                Routine            Line        Source             

Stack trace terminated abnormally.
forrtl: error (78): process killed (SIGTERM)
Image              PC                Routine            Line        Source             

Stack trace terminated abnormally.
forrtl: error (78): process killed (SIGTERM)
Image              PC                Routine            Line        Source             

Stack trace terminated abnormally.
forrtl: error (78): process killed (SIGTERM)
Image              PC                Routine            Line        Source             

Stack trace terminated abnormally.
forrtl: error (78): process killed (SIGTERM)
Image              PC                Routine            Line        Source             

Stack trace terminated abnormally.
forrtl: error (78): process killed (SIGTERM)
Image              PC                Routine            Line        Source             

Stack trace terminated abnormally.
forrtl: error (78): process killed (SIGTERM)
Image              PC                Routine            Line        Source             

Stack trace terminated abnormally.
forrtl: error (78): process killed (SIGTERM)
Image              PC                Routine            Line        Source             

Stack trace terminated abnormally.
forrtl: error (78): process killed (SIGTERM)
Image              PC                Routine            Line        Source             

Stack trace terminated abnormally.
forrtl: error (78): process killed (SIGTERM)
Image              PC                Routine            Line        Source             

Stack trace terminated abnormally.
forrtl: error (78): process killed (SIGTERM)
Image              PC                Routine            Line        Source             

Stack trace terminated abnormally.
forrtl: error (78): process killed (SIGTERM)
Image              PC                Routine            Line        Source             

Stack trace terminated abnormally.
forrtl: error (78): process killed (SIGTERM)
Image              PC                Routine            Line        Source             

Stack trace terminated abnormally.
forrtl: error (78): process killed (SIGTERM)
Image              PC                Routine            Line        Source             

Stack trace terminated abnormally.
forrtl: error (78): process killed (SIGTERM)
Image              PC                Routine            Line        Source             

Stack trace terminated abnormally.
forrtl: error (78): process killed (SIGTERM)
Image              PC                Routine            Line        Source             

Stack trace terminated abnormally.
forrtl: error (78): process killed (SIGTERM)
Image              PC                Routine            Line        Source             

Stack trace terminated abnormally.
forrtl: error (78): process killed (SIGTERM)
Image              PC                Routine            Line        Source             

Stack trace terminated abnormally.
forrtl: error (78): process killed (SIGTERM)
Image              PC                Routine            Line        Source             

Stack trace terminated abnormally.
[c20u08n1:306305:0:306418] Caught signal 11 (Segmentation fault: address not mapped to object at address 0x2a251ee96200)
forrtl: error (78): process killed (SIGTERM)
Image              PC                Routine            Line        Source             

Stack trace terminated abnormally.
slurmstepd: error: *** STEP 2034728.33 ON c20u05n1 CANCELLED AT 2024-06-13T21:24:20 DUE TO TIME LIMIT ***
forrtl: error (78): process killed (SIGTERM)
Image              PC                Routine            Line        Source             

Stack trace terminated abnormally.
forrtl: error (78): process killed (SIGTERM)
Image              PC                Routine            Line        Source             

Stack trace terminated abnormally.
[c23u18n3:480235:0:480348] Caught signal 11 (Segmentation fault: address not mapped to object at address 0x294123856200)
[c22u17n3:394654:0:394774] Caught signal 11 (Segmentation fault: address not mapped to object at address 0x28af43c6a200)
[c21u03n4:1213097:0:1213097] Caught signal 11 (Segmentation fault: address not mapped to object at address 0x2a24fc67fa00)
forrtl: error (78): process killed (SIGTERM)
Image              PC                Routine            Line        Source             

Stack trace terminated abnormally.
[c22u08n2:394629:0:394756] Caught signal 11 (Segmentation fault: address not mapped to object at address 0x2aa0d06f2200)
[c22u08n3:432360:0:432484] Caught signal 11 (Segmentation fault: address not mapped to object at address 0x2a01631a6200)
[c22u06n2:578752:0:578863] Caught signal 11 (Segmentation fault: address not mapped to object at address 0x99e1bc0)
[c23u18n3:480240:0:480358] Caught signal 11 (Segmentation fault: address not mapped to object at address 0x2a3313eea200)
[c22u17n3:394655:0:394776] Caught signal 11 (Segmentation fault: address not mapped to object at address 0x29e97c9fe200)
[c20u08n1:306301:0:306409] Caught signal 11 (Segmentation fault: address not mapped to object at address 0x957dbc0)
[c22u08n2:394637:0:394746] Caught signal 11 (Segmentation fault: address not mapped to object at address 0x29bd4303a200)
[c22u08n3:432364:0:432480] Caught signal 11 (Segmentation fault: address not mapped to object at address 0x28c8e25be200)
[c23u18n3:480245:0:480350] Caught signal 11 (Segmentation fault: address not mapped to object at address 0x2a1afd0fa200)
[c22u17n3:394656:0:394779] Caught signal 11 (Segmentation fault: address not mapped to object at address 0x28db7e726200)
[c20u08n1:306298:0:306419] Caught signal 11 (Segmentation fault: address not mapped to object at address 0x8973bc0)
[c22u08n2:394642:0:394747] Caught signal 11 (Segmentation fault: address not mapped to object at address 0x29ecf1eea200)
[c22u08n3:432361:0:432473] Caught signal 11 (Segmentation fault: address not mapped to object at address 0x28f341bda200)
[c23u18n3:480237:0:480354] Caught signal 11 (Segmentation fault: address not mapped to object at address 0x29b0dc2ba200)
[c22u17n3:394657:0:394775] Caught signal 11 (Segmentation fault: address not mapped to object at address 0x2a572195a200)
[c22u08n2:394627:0:394748] Caught signal 11 (Segmentation fault: address not mapped to object at address 0x29d4f606a200)
[c22u08n3:432362:0:432478] Caught signal 11 (Segmentation fault: address not mapped to object at address 0x28e90b002200)
[c23u18n3:480243:0:480356] Caught signal 11 (Segmentation fault: address not mapped to object at address 0x28acbc846200)
[c22u17n3:394658:0:394777] Caught signal 11 (Segmentation fault: address not mapped to object at address 0x29237e762200)
[c22u08n2:394631:0:394750] Caught signal 11 (Segmentation fault: address not mapped to object at address 0x2a8339172200)
[c22u08n3:432365:0:432475] Caught signal 11 (Segmentation fault: address not mapped to object at address 0x2978b2f26200)
[c23u18n3:480234:0:480346] Caught signal 11 (Segmentation fault: address not mapped to object at address 0x29718b612200)
[c22u17n3:394663:0:394769] Caught signal 11 (Segmentation fault: address not mapped to object at address 0x2a992e802200)
[c22u08n2:394633:0:394755] Caught signal 11 (Segmentation fault: address not mapped to object at address 0x28d0c6fee200)
[c22u08n3:432367:0:432476] Caught signal 11 (Segmentation fault: address not mapped to object at address 0x2a9f43caa200)
[c23u18n3:480238:0:480352] Caught signal 11 (Segmentation fault: address not mapped to object at address 0x298b96eaa200)
[c22u17n3:394665:0:394773] Caught signal 11 (Segmentation fault: address not mapped to object at address 0x29e9925b2200)
[c22u08n2:394639:0:394745] Caught signal 11 (Segmentation fault: address not mapped to object at address 0x29ead04b2200)
[c22u08n3:432369:0:432474] Caught signal 11 (Segmentation fault: address not mapped to object at address 0x298f2af3e200)
[c23u18n3:480232:0:480347] Caught signal 11 (Segmentation fault: address not mapped to object at address 0x29b967f9e200)
[c22u17n3:394662:0:394768] Caught signal 11 (Segmentation fault: address not mapped to object at address 0x28fd34d62200)
[c22u08n2:394634:0:394752] Caught signal 11 (Segmentation fault: address not mapped to object at address 0x2968e5912200)
[c22u08n3:432373:0:432486] Caught signal 11 (Segmentation fault: address not mapped to object at address 0x2a20b0c16200)
[c23u18n3:480244:0:480344] Caught signal 11 (Segmentation fault: address not mapped to object at address 0x2a817dc1a200)
[c22u17n3:394659:0:394780] Caught signal 11 (Segmentation fault: address not mapped to object at address 0x28beef586200)
[c22u08n2:394638:0:394741] Caught signal 11 (Segmentation fault: address not mapped to object at address 0x296500e1a200)
[c22u08n3:432363:0:432488] Caught signal 11 (Segmentation fault: address not mapped to object at address 0x29914d06a200)
[c23u18n3:480231:0:480351] Caught signal 11 (Segmentation fault: address not mapped to object at address 0x2a9b52fd6200)
[c22u17n3:394666:0:394766] Caught signal 11 (Segmentation fault: address not mapped to object at address 0x28c2da392200)
[c22u08n2:394640:0:394754] Caught signal 11 (Segmentation fault: address not mapped to object at address 0x2a5106d0a200)
[c22u08n3:432368:0:432487] Caught signal 11 (Segmentation fault: address not mapped to object at address 0x28f362456200)
[c23u18n3:480242:0:480357] Caught signal 11 (Segmentation fault: address not mapped to object at address 0x294d28f36200)
[c22u17n3:394660:0:394770] Caught signal 11 (Segmentation fault: address not mapped to object at address 0x2a5150cfe200)
[c22u08n2:394641:0:394744] Caught signal 11 (Segmentation fault: address not mapped to object at address 0x28cedbab2200)
[c22u08n3:432370:0:432485] Caught signal 11 (Segmentation fault: address not mapped to object at address 0x2a471dd0e200)
[c23u18n3:480241:0:480355] Caught signal 11 (Segmentation fault: address not mapped to object at address 0x29bda218e200)
[c22u17n3:394667:0:394781] Caught signal 11 (Segmentation fault: address not mapped to object at address 0x294179d6a200)
[c22u08n2:394636:0:394749] Caught signal 11 (Segmentation fault: address not mapped to object at address 0x2a7eff29a200)
[c22u08n3:432371:0:432483] Caught signal 11 (Segmentation fault: address not mapped to object at address 0x2a2575932200)
[c22u17n3:394661:0:394772] Caught signal 11 (Segmentation fault: address not mapped to object at address 0x2a75a9a26200)
[c22u08n2:394635:0:394635] Caught signal 11 (Segmentation fault: Sent by the kernel at address (nil))
[c22u08n3:432372:0:432482] Caught signal 11 (Segmentation fault: address not mapped to object at address 0x29d5a4436200)
[c22u08n2:394630:0:394743] Caught signal 11 (Segmentation fault: address not mapped to object at address 0x29516741e200)
[c22u08n3:432359:0:432479] Caught signal 11 (Segmentation fault: address not mapped to object at address 0x29f3ad3d2200)
[c22u08n2:394628:0:394751] Caught signal 11 (Segmentation fault: address not mapped to object at address 0x28c52de42200)
[c22u08n3:432374:0:432481] Caught signal 11 (Segmentation fault: address not mapped to object at address 0x2914f8092200)
[c22u08n2:394632:0:394742] Caught signal 11 (Segmentation fault: address not mapped to object at address 0x2973a95ca200)
[c22u08n3:432366:0:432366] Caught signal 11 (Segmentation fault: Sent by the kernel at address (nil))
[c22u17n3:394664:0:394778] Caught signal 11 (Segmentation fault: address not mapped to object at address 0x28ff224ce200)
[c22u17n3:394652:0:394771] Caught signal 11 (Segmentation fault: address not mapped to object at address 0x29670f986200)
[c22u17n3:394653:0:394767] Caught signal 11 (Segmentation fault: address not mapped to object at address 0x28df2c11e200)
forrtl: error (78): process killed (SIGTERM)
Image              PC                Routine            Line        Source             

Stack trace terminated abnormally.
forrtl: error (78): process killed (SIGTERM)
Image              PC                Routine            Line        Source             

Stack trace terminated abnormally.
forrtl: error (78): process killed (SIGTERM)
Image              PC                Routine            Line        Source             

Stack trace terminated abnormally.
forrtl: error (78): process killed (SIGTERM)
Image              PC                Routine            Line        Source             

Stack trace terminated abnormally.
forrtl: error (78): process killed (SIGTERM)
Image              PC                Routine            Line        Source             

Stack trace terminated abnormally.
forrtl: error (78): process killed (SIGTERM)
Image              PC                Routine            Line        Source             

Stack trace terminated abnormally.
forrtl: error (78): process killed (SIGTERM)
Image              PC                Routine            Line        Source             

Stack trace terminated abnormally.
forrtl: error (78): process killed (SIGTERM)
Image              PC                Routine            Line        Source             

Stack trace terminated abnormally.
forrtl: error (78): process killed (SIGTERM)
Image              PC                Routine            Line        Source             

Stack trace terminated abnormally.
forrtl: error (78): process killed (SIGTERM)
Image              PC                Routine            Line        Source             

Stack trace terminated abnormally.
forrtl: error (78): process killed (SIGTERM)
Image              PC                Routine            Line        Source             

Stack trace terminated abnormally.
forrtl: error (78): process killed (SIGTERM)
Image              PC                Routine            Line        Source             

Stack trace terminated abnormally.
forrtl: error (78): process killed (SIGTERM)
Image              PC                Routine            Line        Source             

Stack trace terminated abnormally.
forrtl: error (78): process killed (SIGTERM)
Image              PC                Routine            Line        Source             

Stack trace terminated abnormally.
forrtl: error (78): process killed (SIGTERM)
Image              PC                Routine            Line        Source             

Stack trace terminated abnormally.
forrtl: error (78): process killed (SIGTERM)
Image              PC                Routine            Line        Source             

Stack trace terminated abnormally.
[c20u05n1:347282:0:347408] Caught signal 11 (Segmentation fault: address not mapped to object at address 0x2a431268a200)
[c20u05n1:347288:0:347403] Caught signal 11 (Segmentation fault: address not mapped to object at address 0x2a437857a200)
[c20u05n1:347285:0:347396] Caught signal 11 (Segmentation fault: address not mapped to object at address 0x294afa432200)
[c20u05n1:347287:0:347409] Caught signal 11 (Segmentation fault: address not mapped to object at address 0x2a730dc0a200)
[c20u05n1:347273:0:347404] Caught signal 11 (Segmentation fault: address not mapped to object at address 0x2a6b3d9fa200)
[c20u05n1:347283:0:347401] Caught signal 11 (Segmentation fault: address not mapped to object at address 0x29212e64a200)
