started at date
forrtl: error (78): process killed (SIGTERM)

srun: Job step aborted: Waiting up to 42 seconds for job step to finish.
Stack trace terminated abnormally.
slurmstepd: error: *** JOB 2044612 ON c21u03n4 CANCELLED AT 2024-06-23T12:20:52 DUE TO TIME LIMIT ***
forrtl: error (78): process killed (SIGTERM)

Stack trace terminated abnormally.
forrtl: error (78): process killed (SIGTERM)
Image              PC                Routine            Line        Source             

Stack trace terminated abnormally.
forrtl: error (78): process killed (SIGTERM)
Image              PC                Routine            Line        Source             

Stack trace terminated abnormally.
forrtl: error (78): process killed (SIGTERM)
Image              PC                Routine            Line        Source             

Stack trace terminated abnormally.
forrtl: error (78): process killed (SIGTERM)

Stack trace terminated abnormally.
forrtl: error (78): process killed (SIGTERM)
Image              PC                Routine            Line        Source             

Stack trace terminated abnormally.
forrtl: error (78): process killed (SIGTERM)
Image              PC                Routine            Line        Source             

Stack trace terminated abnormally.
forrtl: error (78): process killed (SIGTERM)

Stack trace terminated abnormally.
forrtl: error (78): process killed (SIGTERM)
Image              PC                Routine            Line        Source             

Stack trace terminated abnormally.
forrtl: error (78): process killed (SIGTERM)
Image              PC                Routine            Line        Source             

Stack trace terminated abnormally.
forrtl: error (78): process killed (SIGTERM)
Image              PC                Routine            Line        Source             

Stack trace terminated abnormally.
forrtl: error (78): process killed (SIGTERM)
Image              PC                Routine            Line        Source             

Stack trace terminated abnormally.
forrtl: error (78): process killed (SIGTERM)

Stack trace terminated abnormally.
forrtl: error (78): process killed (SIGTERM)
Image              PC                Routine            Line        Source             

Stack trace terminated abnormally.
forrtl: error (78): process killed (SIGTERM)
Image              PC                Routine            Line        Source             

Stack trace terminated abnormally.
forrtl: error (78): process killed (SIGTERM)
Image              PC                Routine            Line        Source             

Stack trace terminated abnormally.
forrtl: error (78): process killed (SIGTERM)
Image              PC                Routine            Line        Source             

Stack trace terminated abnormally.
forrtl: error (78): process killed (SIGTERM)
Image              PC                Routine            Line        Source             

Stack trace terminated abnormally.
forrtl: error (78): process killed (SIGTERM)
Image              PC                Routine            Line        Source             

Stack trace terminated abnormally.
forrtl: error (78): process killed (SIGTERM)
Image              PC                Routine            Line        Source             

Stack trace terminated abnormally.
forrtl: error (78): process killed (SIGTERM)
Image              PC                Routine            Line        Source             

Stack trace terminated abnormally.
forrtl: error (78): process killed (SIGTERM)
Image              PC                Routine            Line        Source             

Stack trace terminated abnormally.
forrtl: error (78): process killed (SIGTERM)

Stack trace terminated abnormally.
forrtl: error (78): process killed (SIGTERM)
Image              PC                Routine            Line        Source             

Stack trace terminated abnormally.
forrtl: error (78): process killed (SIGTERM)
Image              PC                Routine            Line        Source             

Stack trace terminated abnormally.
forrtl: error (78): process killed (SIGTERM)
Image              PC                Routine            Line        Source             

Stack trace terminated abnormally.
forrtl: error (78): process killed (SIGTERM)
Image              PC                Routine            Line        Source             

Stack trace terminated abnormally.
forrtl: error (78): process killed (SIGTERM)
Image              PC                Routine            Line        Source             

Stack trace terminated abnormally.
forrtl: error (78): process killed (SIGTERM)
Image              PC                Routine            Line        Source             

Stack trace terminated abnormally.
forrtl: error (78): process killed (SIGTERM)
Image              PC                Routine            Line        Source             

Stack trace terminated abnormally.
forrtl: error (78): process killed (SIGTERM)
Image              PC                Routine            Line        Source             

Stack trace terminated abnormally.
forrtl: error (78): process killed (SIGTERM)
Image              PC                Routine            Line        Source             

Stack trace terminated abnormally.
forrtl: error (78): process killed (SIGTERM)
Image              PC                Routine            Line        Source             

Stack trace terminated abnormally.
forrtl: error (78): process killed (SIGTERM)
Image              PC                Routine            Line        Source             

Stack trace terminated abnormally.
forrtl: error (78): process killed (SIGTERM)
Image              PC                Routine            Line        Source             

Stack trace terminated abnormally.
forrtl: error (78): process killed (SIGTERM)
Image              PC                Routine            Line        Source             

Stack trace terminated abnormally.
forrtl: error (78): process killed (SIGTERM)
Image              PC                Routine            Line        Source             

Stack trace terminated abnormally.
forrtl: error (78): process killed (SIGTERM)
Image              PC                Routine            Line        Source             

Stack trace terminated abnormally.
forrtl: error (78): process killed (SIGTERM)
Image              PC                Routine            Line        Source             

Stack trace terminated abnormally.
forrtl: error (78): process killed (SIGTERM)
Image              PC                Routine            Line        Source             

Stack trace terminated abnormally.
forrtl: error (78): process killed (SIGTERM)
Image              PC                Routine            Line        Source             

Stack trace terminated abnormally.
forrtl: error (78): process killed (SIGTERM)
Image              PC                Routine            Line        Source             

Stack trace terminated abnormally.
forrtl: error (78): process killed (SIGTERM)
Image              PC                Routine            Line        Source             

Stack trace terminated abnormally.
forrtl: error (78): process killed (SIGTERM)
Image              PC                Routine            Line        Source             

Stack trace terminated abnormally.
forrtl: error (78): process killed (SIGTERM)
Image              PC                Routine            Line        Source             

Stack trace terminated abnormally.
forrtl: error (78): process killed (SIGTERM)
Image              PC                Routine            Line        Source             

Stack trace terminated abnormally.
forrtl: error (78): process killed (SIGTERM)
Image              PC                Routine            Line        Source             

Stack trace terminated abnormally.
forrtl: error (78): process killed (SIGTERM)
Image              PC                Routine            Line        Source             

Stack trace terminated abnormally.
forrtl: error (78): process killed (SIGTERM)
Image              PC                Routine            Line        Source             

Stack trace terminated abnormally.
forrtl: error (78): process killed (SIGTERM)
Image              PC                Routine            Line        Source             

Stack trace terminated abnormally.
forrtl: error (78): process killed (SIGTERM)
Image              PC                Routine            Line        Source             

Stack trace terminated abnormally.
forrtl: error (78): process killed (SIGTERM)
Image              PC                Routine            Line        Source             

Stack trace terminated abnormally.
forrtl: error (78): process killed (SIGTERM)
Image              PC                Routine            Line        Source             

Stack trace terminated abnormally.
forrtl: error (78): process killed (SIGTERM)
Image              PC                Routine            Line        Source             

Stack trace terminated abnormally.
forrtl: error (78): process killed (SIGTERM)
Image              PC                Routine            Line        Source             

Stack trace terminated abnormally.
forrtl: error (78): process killed (SIGTERM)
Image              PC                Routine            Line        Source             

Stack trace terminated abnormally.
forrtl: error (78): process killed (SIGTERM)
Image              PC                Routine            Line        Source             

Stack trace terminated abnormally.
forrtl: error (78): process killed (SIGTERM)
Image              PC                Routine            Line        Source             

Stack trace terminated abnormally.
forrtl: error (78): process killed (SIGTERM)
Image              PC                Routine            Line        Source             

Stack trace terminated abnormally.
forrtl: error (78): process killed (SIGTERM)
Image              PC                Routine            Line        Source             

Stack trace terminated abnormally.
forrtl: error (78): process killed (SIGTERM)
Image              PC                Routine            Line        Source             

Stack trace terminated abnormally.
forrtl: error (78): process killed (SIGTERM)
Image              PC                Routine            Line        Source             

Stack trace terminated abnormally.
forrtl: error (78): process killed (SIGTERM)
Image              PC                Routine            Line        Source             

Stack trace terminated abnormally.
forrtl: error (78): process killed (SIGTERM)
Image              PC                Routine            Line        Source             

Stack trace terminated abnormally.
forrtl: error (78): process killed (SIGTERM)
Image              PC                Routine            Line        Source             

Stack trace terminated abnormally.
forrtl: error (78): process killed (SIGTERM)
Image              PC                Routine            Line        Source             

Stack trace terminated abnormally.
forrtl: error (78): process killed (SIGTERM)
Image              PC                Routine            Line        Source             

Stack trace terminated abnormally.
forrtl: error (78): process killed (SIGTERM)
Image              PC                Routine            Line        Source             

Stack trace terminated abnormally.
forrtl: error (78): process killed (SIGTERM)
Image              PC                Routine            Line        Source             

Stack trace terminated abnormally.
forrtl: error (78): process killed (SIGTERM)
Image              PC                Routine            Line        Source             

Stack trace terminated abnormally.
forrtl: error (78): process killed (SIGTERM)
Image              PC                Routine            Line        Source             

Stack trace terminated abnormally.
forrtl: error (78): process killed (SIGTERM)
Image              PC                Routine            Line        Source             

Stack trace terminated abnormally.
forrtl: error (78): process killed (SIGTERM)
Image              PC                Routine            Line        Source             

Stack trace terminated abnormally.
forrtl: error (78): process killed (SIGTERM)
Image              PC                Routine            Line        Source             

Stack trace terminated abnormally.
forrtl: error (78): process killed (SIGTERM)
Image              PC                Routine            Line        Source             

Stack trace terminated abnormally.
forrtl: error (78): process killed (SIGTERM)
Image              PC                Routine            Line        Source             

Stack trace terminated abnormally.
forrtl: error (78): process killed (SIGTERM)
Image              PC                Routine            Line        Source             

Stack trace terminated abnormally.
forrtl: error (78): process killed (SIGTERM)
Image              PC                Routine            Line        Source             

Stack trace terminated abnormally.
forrtl: error (78): process killed (SIGTERM)
Image              PC                Routine            Line        Source             

Stack trace terminated abnormally.
forrtl: error (78): process killed (SIGTERM)
Image              PC                Routine            Line        Source             

Stack trace terminated abnormally.
forrtl: error (78): process killed (SIGTERM)
Image              PC                Routine            Line        Source             

Stack trace terminated abnormally.
forrtl: error (78): process killed (SIGTERM)
Image              PC                Routine            Line        Source             

Stack trace terminated abnormally.
forrtl: error (78): process killed (SIGTERM)
Image              PC                Routine            Line        Source             

Stack trace terminated abnormally.
forrtl: error (78): process killed (SIGTERM)
Image              PC                Routine            Line        Source             

Stack trace terminated abnormally.
forrtl: error (78): process killed (SIGTERM)
Image              PC                Routine            Line        Source             

Stack trace terminated abnormally.
forrtl: error (78): process killed (SIGTERM)
Image              PC                Routine            Line        Source             

Stack trace terminated abnormally.
forrtl: error (78): process killed (SIGTERM)
Image              PC                Routine            Line        Source             

Stack trace terminated abnormally.
forrtl: error (78): process killed (SIGTERM)
Image              PC                Routine            Line        Source             

Stack trace terminated abnormally.
forrtl: error (78): process killed (SIGTERM)
Image              PC                Routine            Line        Source             

Stack trace terminated abnormally.
forrtl: error (78): process killed (SIGTERM)
Image              PC                Routine            Line        Source             

Stack trace terminated abnormally.
forrtl: error (78): process killed (SIGTERM)
Image              PC                Routine            Line        Source             

Stack trace terminated abnormally.
*** stack smashing detected ***: <unknown> terminated
forrtl: error (78): process killed (SIGTERM)
Image              PC                Routine            Line        Source             

Stack trace terminated abnormally.
forrtl: error (78): process killed (SIGTERM)
Image              PC                Routine            Line        Source             

Stack trace terminated abnormally.
forrtl: error (78): process killed (SIGTERM)
Image              PC                Routine            Line        Source             

Stack trace terminated abnormally.
forrtl: error (78): process killed (SIGTERM)
Image              PC                Routine            Line        Source             

Stack trace terminated abnormally.
forrtl: error (78): process killed (SIGTERM)
Image              PC                Routine            Line        Source             

Stack trace terminated abnormally.
forrtl: error (78): process killed (SIGTERM)
Image              PC                Routine            Line        Source             

Stack trace terminated abnormally.
forrtl: error (78): process killed (SIGTERM)
Image              PC                Routine            Line        Source             

Stack trace terminated abnormally.
forrtl: error (78): process killed (SIGTERM)
Image              PC                Routine            Line        Source             

Stack trace terminated abnormally.
forrtl: error (78): process killed (SIGTERM)
Image              PC                Routine            Line        Source             

Stack trace terminated abnormally.
forrtl: error (78): process killed (SIGTERM)
Image              PC                Routine            Line        Source             

Stack trace terminated abnormally.
forrtl: error (78): process killed (SIGTERM)
Image              PC                Routine            Line        Source             

Stack trace terminated abnormally.
forrtl: error (78): process killed (SIGTERM)
Image              PC                Routine            Line        Source             

Stack trace terminated abnormally.
forrtl: error (78): process killed (SIGTERM)
Image              PC                Routine            Line        Source             

Stack trace terminated abnormally.
forrtl: error (78): process killed (SIGTERM)
Image              PC                Routine            Line        Source             

Stack trace terminated abnormally.
forrtl: error (78): process killed (SIGTERM)
Image              PC                Routine            Line        Source             
                   000014614E606CE0  Unknown               Unknown  Unknown
libpthread-2.28.s  000014614E5FEA77  __pthread_mutex_l     Unknown  Unknown

Stack trace terminated abnormally.
forrtl: error (78): process killed (SIGTERM)
Image              PC                Routine            Line        Source             

Stack trace terminated abnormally.
forrtl: error (78): process killed (SIGTERM)
Image              PC                Routine            Line        Source             

Stack trace terminated abnormally.
forrtl: error (78): process killed (SIGTERM)
Image              PC                Routine            Line        Source             
libpthread-2.28.s  000015315C882CE0  Unknown               Unknown  Unknown

Stack trace terminated abnormally.
forrtl: error (78): process killed (SIGTERM)
Image              PC                Routine            Line        Source             

Stack trace terminated abnormally.
forrtl: error (78): process killed (SIGTERM)
Image              PC                Routine            Line        Source             

Stack trace terminated abnormally.
[c23u15n2:82176:0:82236] Caught signal 11 (Segmentation fault: address not mapped to object at address 0x29ceb8426200)
forrtl: error (78): process killed (SIGTERM)
Image              PC                Routine            Line        Source             

Stack trace terminated abnormally.
forrtl: error (78): process killed (SIGTERM)
Image              PC                Routine            Line        Source             

Stack trace terminated abnormally.
forrtl: error (78): process killed (SIGTERM)
Image              PC                Routine            Line        Source             

Stack trace terminated abnormally.
forrtl: error (78): process killed (SIGTERM)
Image              PC                Routine            Line        Source             

Stack trace terminated abnormally.
forrtl: error (78): process killed (SIGTERM)
Image              PC                Routine            Line        Source             

Stack trace terminated abnormally.
forrtl: error (78): process killed (SIGTERM)
Image              PC                Routine            Line        Source             

Stack trace terminated abnormally.
forrtl: error (78): process killed (SIGTERM)
Image              PC                Routine            Line        Source             

Stack trace terminated abnormally.
[c21u09n2:62045:0:62100] Caught signal 11 (Segmentation fault: address not mapped to object at address 0x29a94cdba200)
[c21u04n4:98300:0:98300] Caught signal 11 (Segmentation fault: address not mapped to object at address 0x28c2fdc07a00)
[c23u06n4:109438:0:109496] Caught signal 11 (Segmentation fault: address not mapped to object at address 0x293101c32200)
[c21u09n3:61769:0:61824] Caught signal 11 (Segmentation fault: address not mapped to object at address 0x2a098ff52200)
[c21u11n2:59946:0:60000] Caught signal 11 (Segmentation fault: address not mapped to object at address 0x2905047da200)
[c21u09n4:59822:0:59884] Caught signal 11 (Segmentation fault: address not mapped to object at address 0x29c96a406200)
forrtl: severe (174): SIGSEGV, segmentation fault occurred
Image              PC                Routine            Line        Source             
libpthread-2.28.s  00001522A3AD2CE0  Unknown               Unknown  Unknown
[c23u15n2:82171:0:82234] Caught signal 11 (Segmentation fault: address not mapped to object at address 0x2a6d8ff1e200)
[c21u10n2:61082:0:61140] Caught signal 11 (Segmentation fault: address not mapped to object at address 0x2a831ef62200)
[c21u10n3:61549:0:61609] Caught signal 11 (Segmentation fault: address not mapped to object at address 0x29eee6f6e200)
[c23u09n2:143039:0:143095] Caught signal 11 (Segmentation fault: address not mapped to object at address 0x2a156604a200)
[c23u15n3:81451:0:81513] Caught signal 11 (Segmentation fault: address not mapped to object at address 0x2a5766f9e200)
[c23u09n1:145655:0:145720] Caught signal 11 (Segmentation fault: address not mapped to object at address 0x2a46b035a200)
[c21u10n4:61622:0:61684] Caught signal 11 (Segmentation fault: address not mapped to object at address 0x29af898fe200)
[c21u07n3:89356:0:89413] Caught signal 11 (Segmentation fault: address not mapped to object at address 0x28b121f46200)
[c23u06n4:109437:0:109491] Caught signal 11 (Segmentation fault: address not mapped to object at address 0x2a3bad852200)
[c21u09n3:61767:0:61827] Caught signal 11 (Segmentation fault: address not mapped to object at address 0x28f35e06a200)
[c21u11n2:59943:0:60004] Caught signal 11 (Segmentation fault: address not mapped to object at address 0x2a1f0e9de200)
[c21u09n4:59827:0:59879] Caught signal 11 (Segmentation fault: address not mapped to object at address 0x29d31ab92200)
[c23u15n4:84072:0:84129] Caught signal 11 (Segmentation fault: address not mapped to object at address 0x29f72a2e6200)
[c23u15n2:82172:0:82231] Caught signal 11 (Segmentation fault: address not mapped to object at address 0x2a39452ce200)
[c21u10n2:61083:0:61136] Caught signal 11 (Segmentation fault: address not mapped to object at address 0x28e9ada9e200)
[c21u10n3:61555:0:61612] Caught signal 11 (Segmentation fault: address not mapped to object at address 0x2aa92def6200)
[c23u09n2:143036:0:143098] Caught signal 11 (Segmentation fault: address not mapped to object at address 0x2a94ef1ce200)
[c23u15n3:81450:0:81514] Caught signal 11 (Segmentation fault: address not mapped to object at address 0x292f23596200)
[c23u09n1:145654:0:145716] Caught signal 11 (Segmentation fault: address not mapped to object at address 0x290b03b5e200)
[c21u10n4:61624:0:61687] Caught signal 11 (Segmentation fault: address not mapped to object at address 0x29a9695f6200)
[c21u07n3:89355:0:89415] Caught signal 11 (Segmentation fault: address not mapped to object at address 0x28cf8c356200)
[c23u06n4:109434:0:109494] Caught signal 11 (Segmentation fault: address not mapped to object at address 0x291f30546200)
[c21u09n3:61768:0:61823] Caught signal 11 (Segmentation fault: address not mapped to object at address 0x2a72fe3d6200)
[c21u11n2:59945:0:59999] Caught signal 11 (Segmentation fault: address not mapped to object at address 0x2a35ad9d6200)
[c21u09n4:59823:0:59885] Caught signal 11 (Segmentation fault: address not mapped to object at address 0x2912d6f4a200)
[c23u15n4:84070:0:84133] Caught signal 11 (Segmentation fault: address not mapped to object at address 0x2a6cc8fb2200)
forrtl: error (78): process killed (SIGTERM)
Image              PC                Routine            Line        Source             

Stack trace terminated abnormally.
[c21u10n2:61078:0:61137] Caught signal 11 (Segmentation fault: address not mapped to object at address 0x28b91925a200)
[c21u10n3:61550:0:61614] Caught signal 11 (Segmentation fault: address not mapped to object at address 0x29513392a200)
[c23u09n2:143038:0:143093] Caught signal 11 (Segmentation fault: address not mapped to object at address 0x2a39a2dbe200)
[c23u15n3:81453:0:81515] Caught signal 11 (Segmentation fault: address not mapped to object at address 0x297345562200)
[c23u09n1:145658:0:145715] Caught signal 11 (Segmentation fault: address not mapped to object at address 0x2a11aaf2a200)
[c21u10n4:61623:0:61680] Caught signal 11 (Segmentation fault: address not mapped to object at address 0x2a352f646200)
[c21u07n3:89357:0:89416] Caught signal 11 (Segmentation fault: address not mapped to object at address 0x28fcd9be6200)
slurmstepd: error: *** STEP 2044612.34 ON c21u03n4 CANCELLED AT 2024-06-23T12:20:52 DUE TO TIME LIMIT ***
[c23u06n4:109433:0:109497] Caught signal 11 (Segmentation fault: address not mapped to object at address 0x2a6d49c56200)
[c21u09n3:61764:0:61826] Caught signal 11 (Segmentation fault: address not mapped to object at address 0x29fd8785e200)
[c21u11n2:59941:0:59998] Caught signal 11 (Segmentation fault: address not mapped to object at address 0x2a838788a200)
[c21u09n4:59825:0:59882] Caught signal 11 (Segmentation fault: address not mapped to object at address 0x2a5f8ae16200)
[c23u15n4:84075:0:84130] Caught signal 11 (Segmentation fault: address not mapped to object at address 0x2920bb0a6200)
[c23u15n2:82178:0:82238] Caught signal 11 (Segmentation fault: address not mapped to object at address 0x29f723aa2200)
[c21u10n2:61084:0:61135] Caught signal 11 (Segmentation fault: address not mapped to object at address 0x2a916047e200)
[c21u10n3:61552:0:61608] Caught signal 11 (Segmentation fault: address not mapped to object at address 0x29696c8e2200)
[c23u09n2:143033:0:143091] Caught signal 11 (Segmentation fault: address not mapped to object at address 0x2a4b4a712200)
[c23u15n3:81454:0:81510] Caught signal 11 (Segmentation fault: address not mapped to object at address 0x2a10f9dae200)
[c23u09n1:145661:0:145713] Caught signal 11 (Segmentation fault: address not mapped to object at address 0x28df3d7ba200)
[c21u10n4:61626:0:61683] Caught signal 11 (Segmentation fault: address not mapped to object at address 0x29b34fcf2200)
[c21u07n3:89358:0:89418] Caught signal 11 (Segmentation fault: address not mapped to object at address 0x29eec9f5a200)
[c21u09n2:62044:0:62101] Caught signal 11 (Segmentation fault: address not mapped to object at address 0x6941240)
[c23u06n4:109439:0:109495] Caught signal 11 (Segmentation fault: address not mapped to object at address 0x297d61c96200)
[c21u09n3:61770:0:61825] Caught signal 11 (Segmentation fault: address not mapped to object at address 0x296eb4906200)
[c21u09n4:59826:0:59880] Caught signal 11 (Segmentation fault: address not mapped to object at address 0x2a2b2dc1a200)
[c23u15n4:84073:0:84128] Caught signal 11 (Segmentation fault: address not mapped to object at address 0x29ed19fb6200)
[c23u15n2:82175:0:82235] Caught signal 11 (Segmentation fault: address not mapped to object at address 0x298b1d7c2200)
[c21u10n2:61080:0:61141] Caught signal 11 (Segmentation fault: address not mapped to object at address 0x2aa2fbfae200)
[c21u10n3:61554:0:61611] Caught signal 11 (Segmentation fault: address not mapped to object at address 0x29c18184a200)
[c23u09n2:143037:0:143096] Caught signal 11 (Segmentation fault: address not mapped to object at address 0x29e313356200)
[c23u15n3:81456:0:81512] Caught signal 11 (Segmentation fault: address not mapped to object at address 0x2a0d53d4a200)
[c23u09n1:145660:0:145719] Caught signal 11 (Segmentation fault: address not mapped to object at address 0x29696bbe2200)
[c21u10n4:61627:0:61682] Caught signal 11 (Segmentation fault: address not mapped to object at address 0x28d347d2a200)
[c21u07n3:89359:0:89412] Caught signal 11 (Segmentation fault: address not mapped to object at address 0x28bef5c62200)
[c21u09n2:62047:0:62106] Caught signal 11 (Segmentation fault: address not mapped to object at address 0x8305240)
[c23u06n4:109435:0:109492] Caught signal 11 (Segmentation fault: address not mapped to object at address 0x2a6f2b9da200)
[c21u09n3:61765:0:61822] Caught signal 11 (Segmentation fault: address not mapped to object at address 0x2aa385db6200)
[c23u15n4:84071:0:84126] Caught signal 11 (Segmentation fault: address not mapped to object at address 0x2a89538be200)
[c21u10n2:61077:0:61142] Caught signal 11 (Segmentation fault: address not mapped to object at address 0x29a0f1a0e200)
[c21u10n3:61551:0:61615] Caught signal 11 (Segmentation fault: address not mapped to object at address 0x29f57f7be200)
[c23u09n2:143035:0:143097] Caught signal 11 (Segmentation fault: address not mapped to object at address 0x28e325ca2200)
[c23u15n3:81455:0:81516] Caught signal 11 (Segmentation fault: address not mapped to object at address 0x2a7583c62200)
[c23u09n1:145659:0:145714] Caught signal 11 (Segmentation fault: address not mapped to object at address 0x28c592f72200)
[c21u10n4:61628:0:61681] Caught signal 11 (Segmentation fault: address not mapped to object at address 0x2a8f9b6ca200)
[c21u07n3:89354:0:89417] Caught signal 11 (Segmentation fault: address not mapped to object at address 0x29554875e200)
[c21u09n2:62042:0:62105] Caught signal 11 (Segmentation fault: address not mapped to object at address 0x9cbb240)
[c21u09n3:61763:0:61828] Caught signal 11 (Segmentation fault: address not mapped to object at address 0x2a975c6ae200)
[c23u15n4:84068:0:84132] Caught signal 11 (Segmentation fault: address not mapped to object at address 0x9793320)
[c21u10n2:61079:0:61138] Caught signal 11 (Segmentation fault: address not mapped to object at address 0x28bd3b0f2200)
[c21u10n3:61553:0:61610] Caught signal 11 (Segmentation fault: address not mapped to object at address 0x28f32537e200)
[c23u15n3:81457:0:81511] Caught signal 11 (Segmentation fault: address not mapped to object at address 0x29aab4bb2200)
[c21u10n4:61621:0:61685] Caught signal 11 (Segmentation fault: address not mapped to object at address 0x28fdab636200)
[c21u07n3:89353:0:89414] Caught signal 11 (Segmentation fault: address not mapped to object at address 0x297cf31a2200)
*** stack smashing detected ***: <unknown> terminated
[c21u09n3:61766:0:61821] Caught signal 11 (Segmentation fault: address not mapped to object at address 0x29a37c542200)
[c23u15n4:84069:0:84127] Caught signal 11 (Segmentation fault: address not mapped to object at address 0x29994c912200)
forrtl: severe (174): SIGSEGV, segmentation fault occurred
Image              PC                Routine            Line        Source             
libpthread-2.28.s  0000150CB0E6ACE0  Unknown               Unknown  Unknown
[c21u10n3:61556:0:61613] Caught signal 11 (Segmentation fault: address not mapped to object at address 0x29f183756200)
[c23u15n3:81452:0:81509] Caught signal 11 (Segmentation fault: address not mapped to object at address 0x294cc2942200)
forrtl: severe (174): SIGSEGV, segmentation fault occurred
Image              PC                Routine            Line        Source             
libpthread-2.28.s  000014AD63A29CE0  Unknown               Unknown  Unknown
libc-2.28.so       000014AD62F56C75  Unknown               Unknown  Unknown
libc-2.28.so       000014AD62EF2C6F  _IO_vfprintf          Unknown  Unknown
libc-2.28.so       000014AD62EF3B5E  Unknown               Unknown  Unknown
libc-2.28.so       000014AD62EF1002  _IO_vfprintf          Unknown  Unknown
libc-2.28.so       000014AD62FC6F9A  __fprintf_chk         Unknown  Unknown
pw.x               0000000001046D66  Unknown               Unknown  Unknown
pw.x               00000000010468B3  Unknown               Unknown  Unknown
